# callgrind format
version: 1
creator: callgrind-3.18.1
pid: 2699
cmd:  ./main
part: 1


desc: I1 cache: 
desc: D1 cache: 
desc: LL cache: 

desc: Timerange: Basic block 0 - 33492
desc: Trigger: Program termination

positions: line
events: Ir
summary: 154938


ob=(4) /usr/libexec/valgrind/vgpreload_core-amd64-linux.so
fl=(144) ???
fn=(488) 0x00000000000012f0
0 5

fn=(480) 0x0000000000001170
0 12

fn=(650) 0x00000000000010e0
0 11
cob=(2) ???
cfi=(50) ???
cfn=(656) 0x000000000483f040
calls=1 0 
0 74
0 10
cfn=(662) 0x0000000000001070
calls=1 0 
0 5
0 5

fn=(662)
0 5

ob=(1) /usr/lib/x86_64-linux-gnu/ld-linux-x86-64.so.2
fl=(133) ./elf/./elf/dl-lookup-direct.c
fn=(432) _dl_lookup_direct
74 30
+2 3
-2 3
+4 3
-4 3
+2 3
+2 9
+37 3
-37 9
+1 6
+2 12
+3 25
-52 3
+54 6
-54 3
+54 3
-54 9
+1 9
+2 6
+1 6
+12 12
+3 3
+2 3
-2 3
+2 9
cfi=(32) ./string/../sysdeps/x86_64/strcmp.S
cfn=(90) strcmp
calls=3 +55 
* 207
* 6
+4 6
+1 3
-1 3
+1 18
+1 9
cfi=(32)
cfn=(90)
calls=3 +49 
* 75
* 6
+57 27
-23 6

fl=(66) ./io/../sysdeps/unix/sysv/linux/stat64.c
fn=(218) stat
28 18
+1 36
cfi=(58) ./io/../sysdeps/unix/sysv/linux/fstatat64.c
cfn=(190) fstatat
calls=9 153 
* 88

fl=(31) ./elf/./elf/dl-load.c
fn=(88) _dl_process_pt_gnu_property
868 3
+8 3
-8 3
+8 3
-6 3
+12 6
-13 3
+13 3
-13 3
+13 6
+3 9
+1 6
+1 6
+43 3

fn=(214) open_path
1870 8
+1 1
-1 6
+1 1
+6 2
+5 16
-7 2
+7 1
-8 1
+8 2
+3 2
+9 6
+7 3
+1 1
-1 1
cfi=(29) ./string/../sysdeps/x86_64/multiarch/memmove-vec-unaligned-erms.S
cfn=(126) mempcpy
calls=1 199 
* 13
-12 1
+12 1
+59 5
-58 4
+3 18
+5 72
cfi=(29)
cfn=(126)
calls=9 199 
* 121
* 36
cfi=(29)
cfn=(126)
calls=9 199 
* 117
+3 18
+6 27
+3 54
cfn=(216) open_verify.constprop.0
calls=9 1568 
* 486
* 9
+2 27
+2 18
+65 8
+7 2
-2 2
+2 2
+3 3
-13 1
+27 9
1902 52
+29 18
+1 63
+6 18
+2 9
-2 9
+2 18
cfi=(66)
cfn=(218)
calls=9 28 
* 142
* 9
+3 9
-3 18
+1 1
+2 2
-2 1
+2 24
-61 2

fn=(216)
1568 110
+39 30
+19 40
cfi=(54) ./io/../sysdeps/unix/sysv/linux/open64_nocancel.c
cfn=(176) __open_nocancel
calls=10 28 
* 217
* 10
+2 20
+11 1
+6 2
-5 1
+5 8
cfi=(55) ./io/../sysdeps/unix/sysv/linux/read_nocancel.c
cfn=(178) __read_nocancel
calls=1 25 
* 6
+2 2
+2 2
+2 2
+6 2
+17 11
fi=(28) ./elf/../include/rtld-malloc.h
50 2
cfi=(27) ./elf/./elf/dl-minimal-malloc.c
cfn=(142) __minimal_free
calls=1 +45 
* 5
fe=(31)
1856 90
1674 3
+74 2
+5 2
+2 4
+6 2
+6 1
+1 1
-1 3
+1 1
-1 1
+1 2
+21 3
+31 1
-31 1
1633 1
1820 2
-31 48
+1 24
+1 8
+4 8
+6 4
+1 28
+10 12
cfi=(70) ./io/../sysdeps/unix/sysv/linux/pread64_nocancel.c
cfn=(230) __pread64_nocancel
calls=2 25 
* 14
* 16
+8 18
+15 2
+6 1
-3 1
+1 1
+1 1
+1 2
-3 1
+1 1
+1 1
+2 1
-3 3
-1 1
+4 2
-19 18
+3 2
-4 2
+4 4
+5 1
+1 4
-60 13
+1 3
-1 1
+1 3
cfi=(70)
cfn=(230)
calls=1 25 
* 7
* 3
+16 5
1612 18
+62 3
1802 4
-30 2

fn=(106) _dl_init_paths
706 11
+14 1
-14 2
+14 2
cfi=(38) ./elf/./elf/dl-hwcaps.c
cfn=(108) _dl_important_hwcaps
calls=1 175 
* 1650
fi=(28)
56 1
fe=(31)
720 1
fi=(28)
56 1
cfi=(27)
cfn=(76) __minimal_malloc
calls=1 -21 
* 25
fe=(31)
725 1
+2 2
+7 2
+1 2
-1 3
+5 3
fi=(28)
56 1
cfi=(27)
cfn=(76)
calls=1 -21 
* 25
fe=(31)
739 1
+2 4
+17 1
-10 1
+19 1
-11 1
-9 1
+9 1
+12 2
-10 1
+3 2
+9 1
-7 1
+4 1
+3 2
-3 1
-8 1
+3 1
+8 1
-3 1
+1 16
cfi=(43) ./string/../sysdeps/x86_64/multiarch/memset-vec-unaligned-erms.S
cfn=(130) memset
calls=4 125 
* 72
+2 18
-14 3
+10 3
+4 3
-12 3
-2 3
+2 3
+4 3
-3 3
+3 3
+1 3
-2 3
+5 6
+1 3
-4 3
+4 3
+15 1
+3 1
-15 1
+7 1
-1 1
+9 2
+2 4
+2 3
+36 5
+2 2
cfi=(22) ./string/../sysdeps/x86_64/multiarch/strlen-vec.S
cfn=(60) strlen
calls=1 41 
* 17
* 9
-19 1
-2 1
+2 2
+19 9
cfi=(29)
cfn=(80) memcpy
calls=1 212 
* 11
* 1
+5 4
-1 2
+2 1
+1 2
-2 4
+1 13
+1 26
-2 52
+5 1
fi=(28)
56 1
cfi=(27)
cfn=(76)
calls=1 -21 
* 25
fe=(31)
836 1
fi=(28)
56 1
fe=(31)
838 2
+6 6
cfn=(132) fillin_rpath.isra.0
calls=1 468 
* 583
+3 3
+6 1
+4 8
-35 2
+5 2

fn=(136) expand_dynamic_string_token
385 14
241 2
385 2
241 2
385 2
241 2
cfi=(42) ./string/../sysdeps/x86_64/multiarch/../strchr.S
cfn=(118) index
calls=2 23 
* 72
+3 4
410 2
-11 2
+11 12
-11 2
cfi=(44) ./string/./string/strdup.c
cfn=(138) strdup
calls=2 40 
* 168

fn=(170) _dl_map_object
2022 30
+8 6
+1 12
+3 42
+5 49
+2 21
cfi=(53) ./elf/./elf/dl-misc.c
cfn=(172) _dl_name_match_p
calls=7 68 
* 810
* 14
+4 12
+1 18
+4 2
-1 10
+1 2
+1 2
-1 2
+1 2
cfi=(32)
cfn=(90)
calls=2 108 
* 86
* 4
2329 27
2068 2
+1 2
-1 2
+1 2
-1 2
+1 2
-1 4
-44 2
+53 6
+17 4
-2 2
+2 2
cfi=(42)
cfn=(118)
calls=2 23 
* 48
* 4
2260 2
-1 3
cfn=(136)
calls=1 385 
* 168
+2 1
-3 1
+1 1
+2 2
+4 5
cfn=(174) open_verify.constprop.1
calls=1 1568 
* 283
+3 2
-3 1
+3 1
+12 4
+46 1
+1 3
-1 1
+1 9
cfn=(182) _dl_map_object_from_fd
calls=1 944 
* 1819
-1 1
+1 3
-1 1
+1 9
cfn=(182)
calls=1 944 
* 2200
* 6
2098 2
cfi=(22)
cfn=(60)
calls=1 41 
* 17
* 2
+2 2
+7 4
+51 11
cfn=(214)
calls=1 1870 
* 1502
+6 1
-6 1
+6 4
682 1
2165 1
682 2
2252 2
+28 4
+2 4
2111 1
696 3
2111 1
+1 1
696 2
2116 3
682 1
2117 1
682 2
2173 1
+14 2
+2 3
+4 2
cfi=(67) ./elf/./elf/dl-cache.c
cfn=(220) _dl_load_cache_lookup
calls=1 416 
* 1364
* 1
+2 2
+4 2
+8 3
+23 6
cfn=(216)
calls=1 1568 
* 396
+4 2
-4 1
+4 1
+1 2
2131 5
+1 10
682 1
2133 1
682 2
2157 3
+1 2
-16 2

fn=(174)
1568 11
+39 3
+19 4
cfi=(54)
cfn=(176)
calls=1 28 
* 19
* 1
+2 2
+11 1
+6 2
-5 1
+5 8
cfi=(55)
cfn=(178)
calls=1 25 
* 6
+2 2
+2 2
+2 2
+6 2
+17 11
fi=(28)
50 2
cfi=(27)
cfn=(142)
calls=1 +45 
* 5
fe=(31)
1856 9
1674 3
+74 2
+5 2
+2 4
+6 2
+6 1
+1 1
-1 3
+1 1
-1 1
+1 2
+1 2
+20 3
+31 1
-31 1
1633 1
1820 2
-31 66
+1 28
+1 8
+4 8
+25 12
+3 18
+3 2
-4 2
+4 4
+6 4
-36 6

fn=(182)
944 20
+10 2
-10 8
+10 2
cfi=(45) ./elf/./elf/dl-debug.c
cfn=(184) _dl_debug_update
calls=2 38 
* 14
* 2
+7 8
+85 8
+10 4
+7 14
cfi=(26) ./elf/./elf/dl-object.c
cfn=(70) _dl_new_object
calls=2 59 
* 766
* 2
+1 4
+11 4
+5 2
-5 2
+1 4
+1 2
+2 2
-2 2
+2 4
+1 6
+1 2
+19 2
-2 1
+2 12
-2 1
+2 30
+10 8
+85 2
-58 2
-34 2
-1 2
+93 2
+6 2
-64 4
+9 2
+55 4
-55 2
-42 2
+97 4
1101 2
-5 4
+15 60
+20 2
+1 1
-22 69
+1 127
1213 4
1110 2
1213 4
1110 6
1218 6
+10 4
+1 2
-1 2
+1 2
-1 6
+1 6
-1 6
+1 6
-1 18
1076 4
1235 4
+10 8
+7 4
fi=(60) ./elf/./dl-map-segments.h
96 2
fe=(31)
1252 6
fi=(60)
28 2
fe=(31)
1252 2
fi=(60)
96 2
fe=(31)
1252 2
fi=(60)
28 4
+1 16
cfi=(59) ./misc/../sysdeps/unix/sysv/linux/mmap64.c
cfn=(192) mmap
calls=2 +18 
* 18
+74 4
-1 2
-73 2
+74 2
+3 4
+1 2
+2 2
-3 2
+1 2
+2 2
+17 2
+2 2
fi=(61) ./elf/./dl-load.h
-37 16
+1 6
+2 16
fi=(60)
+56 32
+8 2
-2 2
+1 2
+2 2
-1 2
+1 2
-1 6
+8 4
+3 4
+8 14
cfi=(43)
cfn=(130)
calls=2 -52 
* 237
+1 4
+5 4
+12 8
-59 40
+2 12
+3 6
-3 12
+2 48
cfi=(59)
cfn=(192)
calls=6 -93 
* 54
* 18
fi=(56) ./elf/../sysdeps/posix/dl-fileid.h
37 6
cfi=(57) ./io/../sysdeps/unix/sysv/linux/fstat64.c
cfn=(188) fstat
calls=2 -8 
* 30
* 4
fe=(31)
999 4
fi=(56)
40 6
fe=(31)
999 2
fi=(56)
40 2
fe=(31)
999 23
+1 10
fi=(56)
49 12
fe=(31)
1515 18
1018 4
+66 13
+1 2
-1 1
+1 1
-1 1
+1 1
cfi=(70)
cfn=(230)
calls=1 25 
* 7
* 2
+26 26
+26 48
+10 8
-1 8
-1 8
+2 8
+2 8
-2 8
-1 48
+2 16
+1 8
+2 8
-3 8
+3 48
+2 16
+4 16
+1 30
+4 6
+1 6
-1 6
+1 42
-18 6
+28 6
-11 2
+1 2
-1 2
+1 14
-18 2
+28 2
-56 4
+7 2
+2 2
-2 2
+1 2
+1 2
-1 4
+1 16
+50 3
+5 1
-1 2
+5 1
-5 2
-56 1
+61 4
+1 1
+3 1
-3 1
+8 4
+15 4
+1 2
+58 8
+1 6
fi=(62) ./elf/./elf/get-dynamic-info.h
39 4
+6 2
-2 2
+2 4
+9 2
+5 2
+3 2
+2 2
-3 2
-3 2
-3 28
+13 8
-23 32
+23 29
-23 116
+4 74
+5 40
+2 10
+3 8
+13 8
+10 7
+1 8
+1 8
+1 8
+2 8
+5 7
+1 7
+1 8
+3 6
+5 2
+7 4
+1 6
+22 6
+5 2
+2 2
+2 2
+2 2
+4 6
+2 3
+1 2
+9 2
+6 2
+4 4
fe=(31)
1275 4
+1 4
+2 4
+10 6
+19 6
+2 10
+52 6
+1 2
+6 16
+1 42
+6 8
cfn=(88)
calls=2 868 
* 40
-7 54
+1 25
+6 25
-6 50
fi=(30) ./elf/../sysdeps/x86/dl-prop.h
95 16
213 2
-1 4
105 4
212 2
105 2
-2 2
-3 2
+2 2
+3 2
-4 4
+92 8
-1 2
-87 6
+3 6
+1 4
+1 4
+4 6
+4 6
+3 6
+1 4
+4 2
+1 8
+58 6
+2 8
-56 6
+1 3
+3 6
+3 3
+1 12
+5 6
+2 6
+5 6
+14 3
-1 6
+2 2
-1 4
fe=(31)
1380 4
cfi=(63) ./io/../sysdeps/unix/sysv/linux/close_nocancel.c
cfn=(202) __GI___close_nocancel
calls=2 25 
* 12
* 4
+13 4
+2 8
+2 4
+16 4
cfi=(8) ./elf/./elf/dl-setup_hash.c
cfn=(14) _dl_setup_hash
calls=2 25 
* 58
+4 4
+1 4
+17 4
+1 1
+3 1
+5 1
-5 1
+5 1
-5 1
+5 1
-5 1
+5 1
+10 4
+7 12
+10 4
+1 4
+5 2
cfi=(46) ./elf/../elf/dl-tls.c
cfn=(234) _dl_assign_tls_modid
calls=1 131 
* 10
+7 6
cfi=(26)
cfn=(82) _dl_add_to_namespace_list
calls=2 31 
* 94
+3 8
+23 14
+1 6
cfi=(48) ./elf/./elf/dl-audit.c
cfn=(204) _dl_audit_objopen
calls=2 76 
* 10
* 2
fi=(61)
95 5
+2 1
-1 2
+1 1
-1 1
+1 1
-1 1
+1 1
-1 2
+3 4
fe=(31)
1506 10
fi=(30)
198 8
+2 2
+1 2
+2 2
-3 6
fe=(31)
1368 6
fi=(62)
62 8
+2 8
fe=(31)
1084 2
fi=(60)
187 8
cfi=(59)
cfn=(192)
calls=1 47 
* 9
+3 2
fe=(31)
1462 6
+2 1
-1 5
+1 1
-1 1
+1 1
-1 1
cfi=(32)
cfn=(90)
calls=1 108 
* 25
* 2
+2 5
1275 2
fi=(56)
49 3
fi=(30)
170 3
-39 2
fe=(31)

fn=(132)
468 7
+4 1
-4 8
+6 3
cfi=(7) ./elf/./elf/dl-minimal.c
cfn=(134) strsep
calls=1 239 
* 240
* 3
cfi=(7)
cfn=(134)
calls=1 239 
* 8
* 6
+7 2
+2 3
cfn=(136)
calls=1 -98 
* 118
* 1
+4 2
+5 2
cfi=(22)
cfn=(60)
calls=1 41 
* 17
* 1
+1 2
+7 5
+9 15
+1 8
+55 2
fi=(28)
50 2
cfi=(27)
cfn=(142)
calls=1 +45 
* 5
+1 1
fe=(31)
528 2
+4 3
fi=(28)
56 1
cfi=(27)
cfn=(76)
calls=1 -21 
* 25
* 1
fe=(31)
534 2
+5 1
+1 2
-1 1
-1 1
+2 1
cfi=(29)
cfn=(126)
calls=1 199 
* 13
+3 1
-3 1
+1 1
+2 1
+6 1
+1 1
-1 3
+1 11
+1 1
-1 1
+1 2
-1 2
+1 1
-1 1
+1 2
-1 6
+1 1
-1 1
+1 1
-1 2
+3 1
+1 1
-1 1
+1 2
+1 1
+6 2
+1 2
-57 4
+66 1
+3 8
-46 4

fn=(210) _dl_dst_count
238 4
+3 2
-3 4
+7 2
-7 4
+3 2
cfi=(42)
cfn=(118)
calls=2 23 
* 72
+3 4
+20 14

fl=(70)
fn=(230)
25 8
+1 16
+1 4

fl=(10) ./elf/./elf/dl-tunables.c
fn=(18) __GI___tunables_init
279 9
-9 9
71 325
+6 64
-3 128
+3 5879
+4 128
+5 128
fi=(11) ./elf/./elf/dl-tunables.h
+54 64
fe=(10)
-54 256
fi=(11)
+55 162
-1 119
+1 34
-1 64
+1 128
fe=(10)
320 256
-18 8960
+6 14080
fi=(11)
140 576
+1 1152
-1 92
+1 368
-1 460
fe=(10)
354 8
74 128

fn=(54) __GI___tunable_set_val
157 15
-55 5
+55 5
-55 5
+55 5
-55 35
+9 5
+1 5
fi=(182) ./elf/./dl-tunable-types.h
-22 10
fe=(10)
+22 20
+1 40
fi=(11)
+8 10
+1 5
fe=(10)
-6 15
fi=(11)
+15 5
fe=(10)
-12 10
+4 10
+7 10
+1 10
+3 30
+1 5
+1 5
+1 5
+24 5
fi=(11)
-30 15
fe=(10)

fn=(24) __tunable_get_val
402 33
+3 231
+9 33
-9 126
+9 10
+17 165
+2 33
-9 23
+1 23

fl=(76) ./elf/./elf/dl-reloc.c
fn=(268) _dl_relocate_object
194 8
+14 4
-14 36
+16 4
-16 8
+14 4
+2 8
+3 4
-1 4
+1 8
+19 8
+6 20
-34 6
+38 6
+7 12
fi=(6) ./elf/../sysdeps/x86_64/dl-machine.h
71 10
+6 4
+4 3
+14 1
-8 1
+8 2
+20 2
+4 5
-2 2
fe=(76)
288 160
-83 1
fi=(6)
474 4
fe=(76)
205 2
+83 2
fi=(5) ./elf/./elf/do-rel.h
49 1
fe=(76)
288 1
fi=(5)
60 1
-11 2
+11 2
fe=(76)
288 3
-83 3
fi=(6)
474 12
fe=(76)
205 6
+83 6
fi=(5)
49 3
fe=(76)
288 3
fi=(5)
60 3
-11 6
+11 6
fe=(76)
288 8
fi=(5)
49 4
fe=(76)
288 4
fi=(5)
60 4
-11 8
+11 8
-7 1
-1 1
+11 8
fi=(6)
545 28
+4 28
+3 42
+1 14
fi=(5)
63 42
+2 216
+2 120
-4 120
+13 6
+1 8
+1 80
fi=(6)
545 40
+34 80
+2 40
cob=(3) /usr/lib/x86_64-linux-gnu/libc.so.6
cfi=(126) ./string/../sysdeps/x86_64/multiarch/rawmemchr.c
cfn=(404) rawmemchr
calls=1 31 
* 23
cob=(3)
cfi=(125) ./string/../sysdeps/x86_64/multiarch/strncase.c
cfn=(402) strncasecmp
calls=1 31 
* 7
cob=(3)
cfi=(124) ./string/../sysdeps/x86_64/multiarch/mempcpy.c
cfn=(398) mempcpy
calls=1 33 
* 22
cob=(3)
cfi=(123) ./string/../sysdeps/x86_64/multiarch/strspn.c
cfn=(396) strspn
calls=1 29 
* 7
cob=(3)
cfi=(121) ./string/../sysdeps/x86_64/multiarch/memchr.c
cfn=(392) memchr
calls=1 29 
* 23
cob=(3)
cfi=(120) ./string/../sysdeps/x86_64/multiarch/stpcpy.c
cfn=(388) stpcpy
calls=1 33 
* 17
cob=(3)
cfi=(118) ./wcsmbs/../sysdeps/x86_64/multiarch/wmemcmp.c
cfn=(384) wmemcmp
calls=1 29 
* 22
cob=(3)
cfi=(117) ./string/../sysdeps/x86_64/multiarch/strncpy.c
cfn=(380) strncpy
calls=1 29 
* 17
cob=(3)
cfi=(116) ./string/../sysdeps/x86_64/multiarch/strlen.c
cfn=(376) strlen
calls=1 29 
* 21
cob=(3)
cfi=(115) ./string/../sysdeps/x86_64/multiarch/strcasecmp_l.c
cfn=(374) strcasecmp_l
calls=1 31 
* 7
cob=(3)
cfi=(114) ./string/../sysdeps/x86_64/multiarch/strcpy.c
cfn=(370) strcpy
calls=1 29 
* 17
cob=(3)
cfi=(113) ./string/../sysdeps/x86_64/multiarch/strchrnul.c
cfn=(366) strchrnul
calls=1 31 
* 21
cob=(3)
cfi=(112) ./string/../sysdeps/x86_64/multiarch/memrchr.c
cfn=(362) memrchr
calls=1 29 
* 21
cob=(3)
cfi=(110) ./wcsmbs/../sysdeps/x86_64/multiarch/wmemset.c
cfn=(358) wmemset
calls=2 31 
* 38
cob=(3)
cfi=(108) ./string/../sysdeps/x86_64/multiarch/memcmp.c
cfn=(354) bcmp
calls=1 29 
* 22
cob=(3)
cfi=(107) ./string/../sysdeps/x86_64/multiarch/strncase_l.c
cfn=(352) strncasecmp_l
calls=1 31 
* 7
cob=(3)
cfi=(106) ./string/../sysdeps/x86_64/multiarch/strcat.c
cfn=(348) strcat
calls=1 29 
* 17
cob=(3)
cfi=(105) ./wcsmbs/../sysdeps/x86_64/multiarch/wcscpy.c
cfn=(346) wcscpy
calls=1 43 
* 7
cob=(3)
cfi=(104) ./string/../sysdeps/x86_64/multiarch/strcspn.c
cfn=(344) strcspn
calls=1 29 
* 7
cob=(3)
cfi=(103) ./string/../sysdeps/x86_64/multiarch/strcasecmp.c
cfn=(342) strcasecmp
calls=1 31 
* 7
cob=(3)
cfi=(102) ./string/../sysdeps/x86_64/multiarch/strncmp.c
cfn=(340) strncmp
calls=1 66 
* 17
cob=(3)
cfi=(100) ./wcsmbs/../sysdeps/x86_64/multiarch/wmemchr.c
cfn=(336) wmemchr
calls=2 31 
* 46
cob=(3)
cfi=(98) ./string/../sysdeps/x86_64/multiarch/stpncpy.c
cfn=(332) stpncpy
calls=1 31 
* 17
cob=(3)
cfi=(97) ./wcsmbs/../sysdeps/x86_64/multiarch/wcscmp.c
cfn=(328) wcscmp
calls=1 30 
* 21
cob=(3)
cfi=(96) ./string/../sysdeps/x86_64/multiarch/memmove.c
cfn=(324) memmove
calls=2 29 
* 44
cob=(3)
cfi=(95) ./string/../sysdeps/x86_64/multiarch/strrchr.c
cfn=(320) rindex
calls=1 28 
* 21
cob=(3)
cfi=(94) ./string/../sysdeps/x86_64/multiarch/strchr.c
cfn=(318) index
calls=1 61 
* 19
cob=(3)
cfi=(92) ./wcsmbs/../sysdeps/x86_64/multiarch/wcschr.c
cfn=(314) wcschr
calls=2 31 
* 42
cob=(3)
cfi=(90) ./string/../sysdeps/x86_64/multiarch/memcpy.c
cfn=(310) memcpy@@GLIBC_2.14
calls=1 29 
* 22
cob=(3)
cfi=(89) ./wcsmbs/../sysdeps/x86_64/multiarch/wcslen.c
cfn=(306) wcslen
calls=1 29 
* 19
cob=(3)
cfi=(87) ./string/../sysdeps/x86_64/multiarch/memset.c
cfn=(302) memset
calls=1 29 
* 24
cob=(3)
cfi=(85) ./wcsmbs/../sysdeps/x86_64/multiarch/wcsnlen.c
cfn=(298) wcsnlen
calls=1 29 
* 19
cob=(3)
cfi=(84) ./string/../sysdeps/x86_64/multiarch/strcmp.c
cfn=(296) strcmp
calls=1 65 
* 17
cob=(3)
cfi=(83) ./string/../sysdeps/x86_64/multiarch/strpbrk.c
cfn=(294) strpbrk
calls=1 29 
* 7
cob=(3)
cfi=(81) ./string/../sysdeps/x86_64/multiarch/strnlen.c
cfn=(290) strnlen
calls=2 31 
* 42
-36 40
+37 40
fi=(5)
77 121
fe=(76)
288 32
+3 24
+24 4
+3 8
+17 12
+2 32
-98 8
+3 2
+7 4
-9 2
fi=(5)
86 14
+2 14
+12 7
-14 28
+14 14
+10 10
+3 13
+1 3
fi=(6)
529 3
fi=(5)
114 3
fi=(6)
529 6
fi=(5)
114 1198
fi=(6)
529 1198
fi=(5)
114 1198
fi=(6)
529 2396
+5 2402
+1 1201
fi=(5)
113 1201
fi=(6)
535 1201
-5 1201
fi=(5)
113 2402
+7 28
+4 20
+2 10
-73 3
fi=(6)
484 3
fi=(5)
52 3
fi=(6)
484 6
fi=(5)
128 6
+1 3
+1 3
-2 3
+2 3
+3 3
-5 3
+2 3
-2 3
+1 6
+2 3
-2 3
+2 9
+2 6
-5 196
+1 98
+1 98
-2 98
+2 98
+3 98
-5 98
+2 98
-2 98
+1 196
+2 98
-2 98
+2 294
+2 196
+9 99
fi=(6)
262 198
+21 198
+4 198
+7 396
fi=(4) ./elf/../sysdeps/generic/ldsodefs.h
138 249
fi=(6)
294 3168
cfi=(77) ./elf/./elf/dl-lookup.c
cfn=(276) _dl_lookup_symbol_x
calls=80 840 
* 45564
* 720
+2 249
+30 594
450 246
fi=(5)
145 280
-19 303
+32 15
+1 6
fi=(6)
294 2
+22 2
-22 4
fi=(5)
160 6
+3 2
+4 2
-4 2
+4 4
-2 2
-2 2
+2 2
+1 2
-1 4
fi=(6)
294 8
508 2
-1 4
+1 4
+1 2
cfi=(15) ./elf/../sysdeps/x86/dl-get-cpu-features.c
cfn=(434) __x86_cpu_features
calls=1 71 
* 6
cob=(3)
cfi=(79) ./string/../sysdeps/x86/cacheinfo.c
cfn=(286) __x86_cacheinfo
calls=1 86 
* 28
+1 2
fi=(5)
159 2
fi=(6)
510 2
fi=(5)
159 8
-13 18
fi=(6)
422 51
+4 68
+5 17
+9 17
-9 34
+9 17
fi=(5)
145 66
fi=(6)
296 144
+3 96
-3 96
+3 192
fi=(5)
135 10
+3 2
fi=(6)
296 80
+3 80
-3 176
+3 4
fi=(5)
50 8
fe=(76)
308 14
fi=(6)
-14 29
fe=(76)
+49 20
+3 4
-3 4
+3 4
+4 8
+1 16
cfi=(127) ./misc/../sysdeps/unix/syscall-template.S
cfn=(408) mprotect
calls=4 117 
* 24
* 8
-63 6
fi=(5)
53 2
175 7
+2 2
+1 2
-1 1
+3 1
-3 4
+3 2
-3 10
+1 10
-1 5
+3 5
-3 20
+3 10
+8 6
fi=(6)
+74 12
+21 12
+4 12
+7 24
fi=(4)
138 18
fi=(6)
294 204
cfi=(77)
cfn=(276)
calls=6 840 
* 3251
* 54
+2 18
+30 36
450 12
fi=(5)
191 18
-16 18
+30 4
fi=(6)
+91 2
+3 2
-3 2
+3 4
-3 2
+3 2
-3 4
fe=(76)

fl=(2) ./elf/./elf/rtld.c
fn=(2) _dl_start
527 10
85 1
fi=(6)
-40 1
fe=(2)
557 1
-4 1
85 2
556 1
85 1
fi=(3) ./elf/./get-dynamic-info.h
-40 1
fe=(2)
556 1
fi=(3)
45 2
+9 1
+5 1
+3 1
+2 1
+4 1
-7 1
-3 1
-3 14
+13 4
-23 16
+23 14
-23 56
+4 36
+5 20
+2 5
+3 4
fi=(4)
+21 1
fi=(3)
-8 3
+10 4
+1 4
+1 4
+1 4
+2 4
+5 4
+1 4
+1 4
+3 3
+5 2
+7 3
+1 3
+8 2
+1 2
+5 3
+3 3
fe=(2)
573 1
fi=(6)
71 1
fe=(2)
573 42
fi=(6)
414 1
fi=(5)
86 1
fe=(2)
573 2
fi=(5)
49 1
+37 1
-37 1
+37 1
+2 1
-2 1
+2 1
-2 1
+27 2
-27 1
fe=(2)
573 2
fi=(5)
49 1
+37 1
-37 1
+37 1
+2 1
-2 1
+2 1
-2 1
+27 3
+1 2
fi=(6)
534 2
fi=(5)
114 282
fi=(6)
534 282
+1 142
fi=(5)
113 142
fi=(6)
535 284
fi=(5)
113 284
+5 4
+8 7
fi=(6)
326 12
fi=(5)
126 21
+2 7
+2 7
-2 7
fi=(6)
287 7
fi=(5)
130 7
-2 7
+1 14
fi=(6)
287 14
+9 70
+3 14
+27 33
fe=(2)
573 6
fi=(5)
50 1
fi=(4)
+30 2
fi=(6)
326 2
+20 12
+1 6
fe=(2)
575 1
+13 1
cfi=(7)
cfn=(12) __rtld_malloc_init_stubs
calls=1 42 
* 10
+4 2
85 1
488 2
85 3
488 1
cfi=(8)
cfn=(14)
calls=1 25 
* 29
+2 2
-1 1
+1 2
+17 1
-15 1
-2 1
+17 1
-15 1
+9 1
-11 1
+17 1
cfi=(9) ./elf/../elf/dl-sysdep.c
cfn=(16) _dl_sysdep_start
calls=1 85 
* 144802
* 1
+2 2
+98 9
fi=(3)
62 4
+2 4
fe=(2)
573 3

fn=(254) init_tls
756 3
+2 1
+4 1
-4 1
+4 2
+11 1
fi=(28)
44 1
fe=(2)
768 1
+4 1
fi=(28)
44 1
cfi=(27)
cfn=(72) __minimal_calloc
calls=1 +34 
* 36
fe=(2)
783 1
-12 1
+6 1
-9 1
+11 1
+4 1
+2 3
-1 2
+3 8
+4 1
+2 1
-2 2
-5 1
-1 2
+10 3
+3 2
cfi=(46)
cfn=(256) _dl_tls_static_surplus_init
calls=1 97 
* 79
+3 1
cfi=(46)
cfn=(258) _dl_determine_tlsoffset
calls=1 221 
* 76
+7 1
cfi=(46)
cfn=(260) _dl_allocate_tls_storage
calls=1 422 
* 442
* 1
+1 2
+6 1
+3 2
-3 1
+3 6
+3 1
cfi=(24) ./elf/../sysdeps/nptl/dl-tls_init_tp.c
cfn=(262) __tls_init_tp
calls=1 68 
* 75
+1 1
+3 5
-39 3
-1 7

fn=(64) dl_main
1320 2
205 1
311 1
1320 2
2818 1
1320 3
2829 1
1320 2
2698 1
1320 2
311 1
1320 3
207 1
310 1
205 1
+99 3
1332 1
cfi=(24)
cfn=(66) __tls_pre_init_tp
calls=1 53 
* 17
2677 3
+6 5
-4 1
+4 1
+2 3
cfi=(25) ./elf/./elf/dl-environ.c
cfn=(68) _dl_next_ld_env_entry
calls=1 28 
* 49
* 4
cfi=(25)
cfn=(68)
calls=2 28 
* 388
* 9
+4 6
-2 2
+2 6
+1 2
-1 6
+1 17
-1 89
+9 12
2845 4
+32 2
1348 1
+1 2
-1 2
+1 2
2774 3
+1 3
-56 2
+7 2
1627 9
cfi=(26)
cfn=(70)
calls=1 59 
* 230
* 1
+2 2
+1 1
+6 2
-6 1
+1 2
+1 3
+4 1
cfi=(26)
cfn=(82)
calls=1 31 
* 36
+1 2
1140 1
1326 1
1169 1
-29 1
+11 1
+18 2
-21 1
+21 1
-19 1
-4 1
+23 1
-21 1
+21 2
+57 1
-83 1
+23 1
+4 1
+19 1
+22 1
+15 5
-56 116
1275 4
+2 1
1169 18
fi=(30)
105 2
fe=(2)
1282 22
+6 4
cfi=(31)
cfn=(88)
calls=1 868 
* 20
-7 26
+1 13
+6 13
-6 26
fi=(30)
212 4
+1 2
95 8
+10 2
212 1
105 1
-2 1
-3 1
+2 1
+3 1
-4 2
+92 4
-1 1
-87 3
+3 3
+1 2
+1 2
+4 3
+4 3
+3 3
+1 2
+4 1
+1 4
+58 3
+2 4
-56 4
+1 2
+3 4
+3 2
+1 8
+5 4
+2 4
+5 4
+14 2
-1 4
+2 2
fe=(2)
1174 1
-5 1
+5 2
-5 2
+30 1
-9 1
+27 1
-27 1
+2 1
-3 1
+10 2
-20 2
-10 1
+10 1
+1 9
-11 2
+57 4
-1 4
+1 8
-1 4
+2 8
+1 1
+2 12
+1 14
+4 8
+1 8
+1 4
+1 10
+1 1
+4 1
-74 1
+74 2
-74 2
+74 3
-74 3
+74 6
-74 6
fi=(30)
165 2
fe=(2)
1271 1
1169 1
1271 1
1169 2
1294 1
+3 2
+2 1
-5 2
+3 2
+2 2
+2 2
1662 3
+2 1
-1 1
+1 2
+1 2
-2 1
+2 1
-2 2
cfi=(32)
cfn=(90)
calls=1 108 
* 34
* 2
+7 1
+3 1
-5 1
+3 1
+2 1
+1 2
+4 2
+2 2
fi=(3)
39 3
+6 1
-2 1
+2 2
+9 1
+5 1
+3 1
+2 1
-3 1
-3 1
-3 17
+13 5
-23 20
+23 21
-23 84
+4 52
+5 24
+2 5
+16 3
+25 3
+5 2
+7 2
+1 3
+22 3
+5 2
+2 2
+2 2
+2 2
+1 1
+3 3
+2 3
+1 2
+9 2
+6 2
+1 2
+3 2
fe=(2)
1688 3
+7 2
cfi=(8)
cfn=(14)
calls=1 25 
* 29
+3 2
fi=(33) ./elf/./setup-vdso.h
24 2
fi=(35) ./elf/../sysdeps/unix/sysv/linux/dl-vdso-setup.h
+21 1
fe=(2)
1723 1
cfi=(13) ./elf/../sysdeps/unix/sysv/linux/dl-sysdep.c
cfn=(100) _dl_discover_osversion
calls=1 46 
* 90
* 8
fi=(37) ./elf/./dl-main.h
109 5
cfi=(31)
cfn=(106)
calls=1 706 
* 2725
fe=(2)
1731 3
cfi=(45)
cfn=(144) _dl_debug_initialize
calls=1 56 
* 30
+7 1
-7 1
+2 1
+5 1
+4 1
+3 1
-3 3
+1 2
+3 1
+5 1
-7 1
+7 1
+1 3
+12 2
+1 2
+5 1
-3 2
+2 1
+1 2
+5 3
+1 5
-1 2
233 1
-1 1
+1 3
+1 2
-2 1
+2 2
1793 2
+5 1
-1 1
+1 1
+24 1
cfi=(46)
cfn=(146) _dl_count_modids
calls=1 197 
* 6
* 1
fi=(47) ./elf/../sysdeps/generic/dl-debug.h
29 3
+1 2
fe=(2)
1828 2
+1 1
cfi=(45)
cfn=(150) _dl_debug_state
calls=1 116 
* 2
+1 1
+4 3
cfi=(48)
cfn=(152) _dl_audit_activity_map
calls=1 28 
* 16
+5 3
+2 1
+2 2
+9 2
+16 4
cfi=(64) ./io/../sysdeps/unix/sysv/linux/access.c
cfn=(206) access
calls=1 25 
* 9
* 2
+76 4
+16 3
85 1
1970 1
85 2
1970 2
85 1
1970 5
cfi=(65) ./elf/./elf/dl-deps.c
cfn=(208) _dl_map_object_deps
calls=1 159 
* 8131
92 1
1976 1
92 2
+9 2
1976 2
+1 5
-1 4
+1 6
-1 12
+4 4
+1 3
+1 1
+2 2
+1 4
-1 9
+1 9
+12 3
+1 2
+2 1
+2 3
+2 1
-4 1
+5 1
-1 2
+14 2
+1 2
+1 3
+11 2
+2 1
-2 1
+2 2
-2 1
+1 2
+1 1
-1 2
+1 1
cfi=(51) ./elf/./elf/dl-error-skeleton.c
cfn=(246) _dl_receive_error
calls=1 238 
* 3317
+10 2
+1 2
+3 2
862 1
fi=(183) ./elf/../sysdeps/unix/sysv/linux/dl-osinfo.h
64 2
fe=(2)
864 1
+6 1
+3 1
+7 1
-5 1
2052 3
2282 3
1778 2
+6 1
-6 2
+6 1
+2 3
fi=(30)
198 4
+2 1
+1 1
+2 1
-3 3
+3 1
fi=(3)
59 4
+3 4
+2 4
fi=(34) ./elf/../sysdeps/unix/sysv/linux/dl-vdso.h
-24 1
+1 2
fe=(2)
2331 1
1325 1
2342 1
-4 2
+10 1
-6 1
+6 1
+3 2
+8 1
fi=(30)
36 1
fe=(2)
2359 1
fi=(30)
37 3
+3 1
+13 6
-13 3
+9 6
-9 1
+9 20
+4 15
-16 12
+34 3
cfi=(75) ./elf/../sysdeps/x86/dl-cet.c
cfn=(266) _dl_cet_check
calls=1 252 
* 30
fe=(2)
2361 2
+54 3
+3 1
85 4
2422 1
+1 19
+2 8
+5 8
+2 8
+6 4
+2 12
+1 24
cfi=(76)
cfn=(268)
calls=3 194 
* 72940
+4 10
+1 2
-23 1
+23 1
cfi=(46)
cfn=(410) _dl_add_to_slotinfo
calls=1 1015 
* 28
-23 6
92 3
+1 1
2454 1
93 1
2454 1
+5 4
+2 1
+7 3
cfi=(46)
cfn=(412) _dl_allocate_tls_init
calls=1 528 
* 146
+3 2
fi=(3)
72 2
+10 3
+1 4
+1 4
+1 4
+2 4
+5 4
+1 4
+1 5
fi=(35)
-64 3
+3 1
+3 1
+3 1
fi=(34)
+16 2
fe=(2)
2434 1
+1 1
-3 2
+49 3
+2 4
+10 1
cfi=(128) ./elf/./elf/dl-find_object.c
cfn=(414) _dl_find_object_init
calls=1 561 
* 571
+5 2
cfi=(7)
cfn=(422) __rtld_malloc_init_real
calls=1 76 
* 2372
+3 1
cfi=(132) ./elf/../sysdeps/nptl/dl-mutex.c
cfn=(430) __rtld_mutex_init
calls=1 30 
* 415
85 1
2507 1
+1 3
85 3
2508 2
cfi=(76)
cfn=(268)
calls=1 194 
* 4806
92 3
+9 2
2516 3
cfi=(134) ./elf/./elf/dl-call-libc-early-init.c
cfn=(436) _dl_call_libc_early_init
calls=1 27 
* 1309
+7 1
cfi=(9)
cfn=(462) _dl_sysdep_start_cleanup
calls=1 262 
* 2
+4 3
cfi=(48)
cfn=(464) _dl_audit_activity_nsid
calls=1 40 
* 21
+5 2
cfi=(45)
cfn=(184)
calls=1 38 
* 7
+1 1
-1 1
+2 1
cfi=(45)
cfn=(150)
calls=1 116 
* 2
+1 1
+4 1
cfi=(67)
cfn=(466) _dl_unload_cache
calls=1 537 
* 18
+5 8
1741 4
1995 2
+50 2
cfn=(254)
calls=1 756 
* 784
* 2
2726 4
+2 2
+1 1
+46 2
+2 1
+1 1
-1 1
+1 1
+1 1
85 1
1847 1
85 2
1847 1
85 1
1847 2
cfn=(154) handle_preload_list
calls=1 894 
* 3107
* 1
92 3
+9 3
1948 16
+1 1
-1 1
+4 3
+1 1
+1 2
+1 2
-7 2
fi=(30)
170 3
-39 2
fe=(2)

fn=(154)
894 10
+5 1
-5 2
+5 2
+6 1
-64 1
+54 3
+7 3
cfi=(49) ./string/../sysdeps/x86_64/strcspn.S
cfn=(156) strcspn
calls=1 25 
* 233
* 1
+1 3
+9 1
191 1
914 2
191 2
916 2
-80 1
+5 5
-10 1
+8 1
-4 1
+1 1
+1 1
+4 1
cob=(2)
cfi=(50)
cfn=(158) 0x0000000004002080
calls=1 0 
* 2784
+1 3
+8 3
+67 1
-18 2
+21 9
-15 4
cfi=(29)
cfn=(80)
calls=1 212 
* 19
+1 2

fn=(168) map_doit
663 2
+2 1
-2 1
+2 1
+1 2
-1 2
+1 3
cfi=(31)
cfn=(170)
calls=1 2022 
* 2683
* 1
+2 2

fn=(248) version_check_doit
696 3
+2 4
cfi=(73) ./elf/./elf/dl-version.c
cfn=(250) _dl_check_all_versions
calls=1 361 
* 3289
* 2
+4 2

fl=(141) ./elf/./elf/dl-runtime.c
fn=(456) _dl_fixup
46 16
+2 10
+1 2
+6 2
fi=(184) ./elf/../sysdeps/x86_64/dl-runtime.h
-27 2
fe=(141)
+21 2
+5 2
+1 2
-6 2
+6 4
+1 2
+2 2
-2 2
+2 2
-2 10
+7 4
+4 4
+4 6
+4 6
+1 8
-7 8
+16 2
-1 2
+1 4
+10 20
cfi=(77)
cfn=(276)
calls=2 840 
* 1363
* 2
+4 10
+10 20
+15 8
+9 6
+26 6
fi=(6)
+70 2
fe=(141)
-66 12

fl=(48)
fn=(204)
76 2
+1 8

fn=(528) _dl_audit_preinit
117 1
+1 4

fn=(646) _dl_audit_objclose
96 4
+1 16

fn=(152)
28 6
+2 1
-1 1
+1 2
+6 6

fn=(464)
40 6
+4 3
-4 3
+4 3
-4 3
+4 3
-4 6
+4 3
+1 3
+1 12
+4 18

fl=(53)
fn=(172)
68 84
+1 28
cfi=(32)
cfn=(90)
calls=14 +39 
* 500
* 28
+3 14
+2 28
+6 15
-6 30
+1 54
cfi=(32)
cfn=(90)
calls=18 +33 
* 728
* 36
+8 3
-13 3
+13 20
-1 11
+1 33

fn=(222) _dl_sysdep_read_whole_file
36 2
+3 1
-3 6
+3 1
-3 1
+3 1
cfi=(54)
cfn=(176)
calls=1 -11 
* 19
+1 2
+23 7
-21 4
cfi=(57)
cfn=(188)
calls=1 -13 
* 15
* 2
+2 2
+3 2
+13 2
cfi=(63)
cfn=(202)
calls=1 -35 
* 6
* 1
-11 6
cfi=(59)
cfn=(192)
calls=1 -2 
* 9
* 2

fl=(16) ./elf/../sysdeps/x86/cpu-features.c
fn=(40) update_active.constprop.0
43 7
+45 1
-41 1
+28 1
-18 1
+31 1
+4 1
-36 1
-1 1
+37 1
-26 1
-11 1
+1 1
+36 2
+1 1
-17 1
-21 1
+25 1
-4 1
-11 1
+28 1
-1 1
-36 1
+18 1
+19 1
-13 1
-4 1
-11 1
+19 1
+11 1
-3 1
-12 1
+14 1
-29 1
+18 1
+9 1
-18 1
+13 1
-13 1
-9 1
+29 2
+3 1
-14 1
-9 1
+9 1
+4 1
+10 1
-17 1
+7 1
+5 1
+5 1
+1 1
-1 1
+1 2
+2 2
+1 4
+3 1
+1 1
-1 1
+1 1
-1 1
+1 1
-1 1
+1 1
+4 2
+4 2
+2 4
+83 3
+12 2
+1 1
+3 3
+4 1
-4 1
+4 1
+67 3
+4 3
fi=(18) ./elf/../sysdeps/x86/get-isa-level.h
31 1
-3 1
+3 1
-1 2
fe=(16)
296 1
+1 8
-75 3
+1 2
+3 1
-1 1
+9 1
-5 1
+2 1
-2 1
+5 1
fi=(18)
32 3
+4 3
fe=(16)
+83 2
+2 1
+3 2
+10 1
+10 1
-10 1
+10 1
-10 1
+6 1
+4 1
-4 1
-6 1
+6 1
+2 1
-2 1
+2 3
+7 4
fi=(18)
39 3
+1 4
+5 1
-7 1
+7 3
+2 1
+1 2
+1 3
+2 4
fe=(16)
+80 1
-5 2
+4 1

fn=(34) init_cpu_features.constprop.0
399 1
+16 1
-16 6
+3 1
+1 1
+1 1
+11 2
+3 6
593 1
+94 5
+1 1
+3 2
+1 1
+6 1
+3 1
fi=(19) ./elf/../sysdeps/x86/dl-cacheinfo.h
+5 1
+2 1
fe=(16)
-9 1
fi=(19)
+23 2
840 1
+34 1
-34 17
+33 2
+25 2
+21 2
-21 2
+13 3
+8 1
-8 1
+8 1
cfi=(10)
cfn=(24)
calls=1 402 
* 21
* 1
+2 2
+3 4
cfi=(10)
cfn=(24)
calls=1 402 
* 21
* 1
+5 2
-3 2
+3 2
cfi=(10)
cfn=(24)
calls=1 402 
* 21
* 1
+2 2
+3 4
cfi=(10)
cfn=(24)
calls=1 402 
* 21
* 1
+1 2
+22 1
-16 4
+3 3
-3 1
cfi=(10)
cfn=(24)
calls=1 402 
* 21
+3 3
-3 2
+3 10
cfi=(10)
cfn=(54)
calls=1 157 
* 58
+1 8
cfi=(10)
cfn=(54)
calls=1 157 
* 58
+1 9
cfi=(10)
cfn=(54)
calls=1 157 
* 58
+2 8
cfi=(10)
cfn=(54)
calls=1 157 
* 58
+2 9
cfi=(10)
cfn=(54)
calls=1 157 
* 58
+4 2
fe=(16)
706 1
fi=(19)
954 2
fe=(16)
706 2
fi=(19)
954 4
fe=(16)
706 1
cfi=(10)
cfn=(24)
calls=1 402 
* 19
+4 3
+14 1
-1 2
+1 3
+47 1
-1 1
+1 1
+46 4
cfi=(10)
cfn=(24)
calls=1 402 
* 19
+2 4
cfi=(10)
cfn=(24)
calls=1 402 
* 19
fi=(21) ./elf/../sysdeps/unix/sysv/linux/x86/cpu-features.c
27 6
fe=(16)
829 2
+45 8
fi=(19)
+7 11
fe=(16)
775 3
+27 2
-10 2
+1 2
+2 3
+1 2
+2 3
+1 2
fi=(19)
-75 3
cfn=(46) handle_intel.constprop.0
calls=1 255 
* 437
+1 1
-1 2
+1 1
cfn=(46)
calls=1 255 
* 478
+1 1
-1 1
+1 1
cfn=(46)
calls=1 255 
* 503
+3 1
-3 2
+3 1
cfn=(46)
calls=1 255 
* 459
+2 1
-2 1
+2 1
cfn=(46)
calls=1 255 
* 451
+3 1
-2 1
-1 1
+3 1
cfn=(46)
calls=1 255 
* 428
+2 1
-2 1
+2 1
cfn=(46)
calls=1 255 
* 429
+3 1
-2 1
-1 1
+3 1
cfn=(46)
calls=1 255 
* 469
+2 1
-2 1
+2 1
cfn=(46)
calls=1 255 
* 470
+3 1
-3 1
+3 1
cfn=(46)
calls=1 255 
* 494
+2 1
-2 1
+2 1
cfn=(46)
calls=1 255 
* 495
+2 1
-2 1
+2 1
cfn=(46)
calls=1 255 
* 790
+2 3
-2 1
+2 1
cfn=(52) get_common_cache_info.constprop.0
calls=1 481 
* 215
863 11
fe=(16)
424 6
cfn=(36) get_common_indices.constprop.0
calls=1 -99 
* 71
303 3
+1 2
+1 6
+5 2
+1 6
+5 2
+1 6
429 1
cfn=(40)
calls=1 43 
* 185
+2 1
+2 1
+83 1
-85 2
564 2
+7 2
+2 1
+4 2
+6 2
422 2
-3 1
+14 3
+1 4
+69 1
+10 11
+42 1
+1 1
434 11
+55 3

fn=(36)
325 1
+4 4
+3 3
+5 2
-5 1
+5 1
-5 1
+4 1
+1 1
+1 4
+1 4
+1 3
+1 2
+7 2
+2 5
+5 1
-5 1
+5 1
-5 1
+5 1
-5 2
+5 1
+7 1
-7 4
+7 1
+1 3
+6 1
-6 4
+6 1
fi=(17) ./elf/../sysdeps/unix/sysv/linux/x86/dl-minsigstacksize.h
24 2
+3 2
+1 2
+37 3
+7 1
+2 1
fe=(16)
384 2

fl=(174) ./elf/./elf/dl-fini.c
fn=(616) _dl_fini
31 9
+20 3
-3 7
+3 4
+3 2
cob=(3)
cfi=(175) ./nptl/./nptl/pthread_mutex_lock.c
cfn=(618) pthread_mutex_lock@@GLIBC_2.2.5
calls=1 +23 
* 43
+2 1
+3 2
+2 6
+7 2
-2 1
+2 1
cfi=(48)
cfn=(464)
calls=1 -28 
* 21
+5 14
+5 1
-5 1
+5 3
+2 8
+2 8
+2 8
+1 4
+1 4
+4 4
-12 12
+14 6
+1 4
+6 5
cfi=(12) ./elf/./elf/dl-sort-maps.c
cfn=(242) _dl_sort_maps
calls=1 288 
* 300
+9 2
cob=(3)
cfi=(176) ./nptl/./nptl/pthread_mutex_unlock.c
cfn=(620) pthread_mutex_unlock@@GLIBC_2.2.5
calls=1 367 
* 34
+5 6
+2 1
+2 3
-2 3
+2 9
+3 8
+3 12
+4 2
+11 4
+1 1
+1 2
+1 5
+1 2
cob=(5) /home/user/Documents/test-valgrind/main
cfi=(149) ???
cfn=(622) 0x0000000000001120
calls=1 0 
* 92
-1 5
+5 3
+1 6
cob=(2)
cfi=(50)
cfn=(648) 0x000000000483f334
calls=1 0 
* 110
cob=(2)
cfi=(50)
cfn=(644) 0x00000000001091dc
calls=1 0 
* 4
+6 8
cfi=(48)
cfn=(646)
calls=4 -57 
* 20
+5 4
-45 12
+49 3
cfi=(48)
cfn=(464)
calls=1 40 
* 21
* 2
-38 9
+3 2
+41 6
+6 2
+7 8
73 2

fl=(14) ./elf/../sysdeps/unix/sysv/linux/brk.c
fn=(28) brk
35 1
+1 3
+1 2
+6 1
+1 1

fl=(7)
fn=(426) lookup_malloc_symbol
61 8
+3 4
-3 16
+3 4
-3 4
+3 8
-1 4
+1 12
cfi=(77)
cfn=(276)
calls=4 840 
* 2104
+4 28
+1 28
+2 4
fi=(131) ./elf/./dl-sym-post.h
-30 8
+12 12
fe=(7)
+19 20

fn=(134)
239 2
+3 4
+2 2
+1 4
+4 33
+7 84
-2 56
+13 1
+4 4
-22 14
+15 14
-15 30

fn=(422)
76 2
+10 1
fi=(130) ./elf/../sysdeps/generic/dl-hash.h
-41 1
fe=(7)
+31 1
fi=(130)
-32 1
fe=(7)
+32 5
+11 1
-1 1
fi=(130)
-43 1
+5 3
+14 4
-17 3
+3 15
+14 20
-17 15
fe=(7)
+46 2
fi=(130)
-24 1
fe=(7)
+22 1
+2 2
fi=(130)
-19 1
fe=(7)
+19 1
cfn=(426)
calls=1 -30 
* 575
+1 3
-1 1
+1 1
cfn=(426)
calls=1 -31 
* 575
+1 3
-1 1
+1 1
cfn=(426)
calls=1 -32 
* 561
+1 3
-1 1
+1 1
cfn=(426)
calls=1 -33 
* 553
+5 1
+1 1
+1 1
+1 1
+1 7

fn=(12)
42 1
+1 2
+1 2
+1 2
+1 2
+1 1

fl=(41) ./elf/./elf/dl-hwcaps_split.c
fn=(120) _dl_hwcaps_contains
66 3
+1 6
+1 3
+9 3

fn=(116) _dl_hwcaps_split_masked
51 40
-25 42
+4 24
+4 48
+1 12
-1 24
+2 24
+5 27
cfi=(42)
cfn=(118)
calls=9 -18 
* 216
+1 18
+3 6
+11 12
+1 12
+1 6
-1 6
+1 6
-2 6
+1 6
+1 3
-1 3
+1 15
cfn=(120)
calls=3 +8 
* 15
* 6
-3 5
+7 32
-19 6
cfi=(22)
cfn=(60)
calls=3 -2 
* 51
* 3

fn=(122) _dl_hwcaps_split
25 4
+1 3
+21 1
-20 1
+20 3

fl=(44)
fn=(138)
40 15
+1 3
cfi=(22)
cfn=(60)
calls=3 * 
* 87
* 3
fi=(185) ./string/../include/rtld-malloc.h
+15 6
cfi=(27)
cfn=(76)
calls=3 -21 
* 75
fe=(44)
-12 6
+4 3
-1 9
+1 6
-1 3
cfi=(29)
cfn=(80)
calls=3 212 
* 41

fl=(134)
fn=(436)
27 1
+2 2
-2 1
+6 3
-6 1
+6 3
-6 1
+6 1
cfi=(133)
cfn=(432)
calls=1 +41 
* 177
+4 2
+2 4
+2 1
-1 1
+1 2
-1 1
cob=(3)
cfi=(135) ./elf/./elf/libc_early_init.c
cfn=(438) __libc_early_init
calls=1 -7 
* 1108

fl=(140) ./elf/../sysdeps/x86_64/dl-trampoline.h
fn=(454) _dl_runtime_resolve_xsave
67 2
+5 2
+3 2
+2 2
+10 2
+6 2
+1 2
+1 2
+1 2
+1 2
+1 2
+1 2
+4 2
+1 2
+3 2
+1 2
+2 2
+1 2
+1 2
+1 2
+1 2
+1 2
+2 2
+7 2
+1 2
+1 2
cfi=(141)
cfn=(456)
calls=2 -80 
* 1555
+1 2
+5 2
+1 2
+1 2
+2 2
+1 2
+1 2
+1 2
+1 2
+1 2
+1 2
+2 2
+2 2
+4 2
+2 2

fl=(73)
fn=(250)
361 6
+4 5
-2 2
+4 24
cfn=(252) _dl_check_map_versions
calls=4 155 
* 3217
-2 4
+2 12
-1 4
-1 8
+5 7

fn=(252)
155 32
+15 4
-15 8
+15 8
+2 20
+2 4
+1 4
-1 4
+1 4
+2 8
+3 4
-16 2
-8 2
+28 2
-4 2
+4 4
+16 2
36 4
200 2
36 10
+1 5
-1 10
+2 21
cfi=(53)
cfn=(172)
calls=7 +30 
* 805
* 14
208 6
+5 2
-71 4
+71 6
+8 2
-2 2
-2 4
+4 2
-4 12
+4 3
-2 3
-2 6
+4 3
-4 28
56 20
+8 15
+6 15
+16 5
+1 10
+2 5
+5 45
+14 98
+12 132
+4 44
-30 88
224 20
+3 15
+5 3
-11 3
110 5
+3 20
cfi=(32)
cfn=(90)
calls=5 -5 
* 125
* 22
236 8
+14 4
+3 8
+10 42
-7 168
+3 126
-3 8
+3 6
+8 6
+6 3
fi=(28)
44 3
fe=(73)
273 3
fi=(28)
44 3
cfi=(27)
cfn=(72)
calls=3 +34 
* 108
fe=(73)
272 3
fi=(28)
44 3
fe=(73)
274 6
+13 3
-3 3
+3 12
+2 9
+3 8
+4 6
+7 5
+1 5
-1 15
+1 5
+1 5
-2 5
+2 10
+1 15
+3 15
+5 3
-15 3
+2 3
-2 3
+2 3
-2 3
+2 6
-2 2
+2 2
-2 2
+2 2
-2 2
+2 4
+16 6
+39 36
-29 9
+3 8
+4 42
+6 42
+1 42
+1 42
-1 126
+1 42
-1 42
+1 42
+1 42
+3 126
+4 42
-14 88
+10 6
164 2
+86 2
-94 2
+94 3

fl=(52) ./setjmp/../sysdeps/x86_64/setjmp.S
fn=(166) __sigsetjmp
30 3
+2 3
+9 3
+1 6
+1 3
+4 3
+1 3
+1 3
+1 3
+1 3
+2 6
+2 3
+1 3
+1 3
+2 6
+2 3
+8 3
+3 3
+1 3
+7 3
+1 3

fl=(59)
fn=(192)
47 24
+3 24
+8 48
+2 12

fl=(127)
fn=(468) munmap
117 5
+5 1

fn=(408)
117 20
+5 4

fl=(24)
fn=(66)
53 3
+3 8
+5 1
-5 1
+5 1
+1 1
-6 1
+8 1

fn=(84) rtld_mutex_dummy
42 8
+2 16

fn=(262)
68 2
fi=(186) ./elf/../include/list.h
-24 1
fe=(24)
+24 1
fi=(186)
-25 1
fe=(24)
+26 1
+3 1
fi=(186)
-29 1
+1 1
+1 1
+2 1
fe=(24)
+28 4
+1 2
+1 1
+5 2
+5 1
+6 1
-3 1
+3 1
-6 3
+6 1
+13 3
fi=(74) ./elf/../sysdeps/unix/sysv/linux/rseq-internal.h
-72 1
fe=(24)
+72 1
cfi=(10)
cfn=(24)
calls=1 402 
* 20
fi=(74)
-74 3
+2 6
+3 2
+3 1
fe=(24)
+83 3
+7 2
+2 1
+1 1
+1 3

fl=(38)
fn=(108)
175 5
+1 1
-1 6
+1 1
-1 1
+1 1
-1 1
+1 1
-1 1
+1 2
cfi=(10)
cfn=(24)
calls=1 402 
* 21
* 1
+2 2
+1 3
+26 2
-26 1
+25 1
cfi=(39) ./elf/../sysdeps/x86_64/dl-hwcaps-subdirs.c
cfn=(110) _dl_hwcaps_subdirs_active
calls=1 29 
* 38
fi=(40) ./elf/./dl-hwcaps.h
54 1
fe=(38)
205 1
-1 1
fi=(40)
56 1
+32 1
+1 1
+1 1
fe=(38)
-35 2
cfi=(41)
cfn=(116)
calls=1 -4 
* 13
* 2
fi=(40)
-1 1
+2 2
-2 1
+34 2
+1 2
+1 1
fe=(38)
-32 1
-1 1
+1 1
+1 1
-1 1
-3 2
cfi=(41)
cfn=(116)
calls=1 -4 
* 20
* 2
cfi=(41)
cfn=(116)
calls=1 -4 
* 196
* 4
+48 5
fi=(28)
-47 1
cfi=(27)
cfn=(76)
calls=1 -21 
* 25
fe=(38)
+47 1
+2 2
+3 2
fi=(40)
-52 1
fe=(38)
+55 1
-3 1
fi=(40)
-54 2
+3 1
fe=(38)
+58 2
cfi=(41)
cfn=(122)
calls=1 -90 
* 12
* 2
fi=(40)
-61 1
+2 2
-2 1
+34 2
+1 2
+1 1
fe=(38)
+40 2
+1 1
-1 3
+2 1
+1 1
-2 3
-3 2
cfi=(41)
cfn=(116)
calls=1 -77 
* 20
* 2
cfi=(41)
cfn=(116)
calls=1 -77 
* 196
* 4
+8 2
+9 1
-15 1
+15 2
-15 1
+15 2
+70 1
+1 1
+4 1
-5 2
+1 4
+4 2
-4 1
+4 4
+1 1
-1 1
+1 2
+1 2
-2 5
+1 1
-1 1
+1 2
+1 2
-2 5
+5 1
+3 2
-3 2
+3 15
+7 1
-7 2
+2 3
+1 4
+2 1
fi=(187) ./elf/../sysdeps/x86/dl-hwcap.h
57 1
fe=(38)
233 2
fi=(187)
57 1
fe=(38)
233 2
fi=(187)
57 1
fe=(38)
233 1
+1 1
cfi=(22)
cfn=(60)
calls=1 41 
* 17
+1 1
+1 1
-6 1
+4 1
+1 1
-5 1
+5 1
+1 1
-1 2
-5 4
+10 3
-2 3
+2 1
+1 1
+1 1
-1 1
+4 4
+1 1
-1 1
+4 2
+4 1
-1 1
+1 4
-1 2
+4 3
+1 3
+19 10
+6 2
fi=(28)
56 1
cfi=(27)
cfn=(76)
calls=1 -21 
* 25
* 1
fe=(38)
283 2
+8 1
fi=(40)
54 1
+2 1
+34 1
-2 2
fe=(38)
-5 1
291 1
fi=(40)
54 1
+35 1
fe=(38)
291 1
fi=(40)
90 1
fe=(38)
-10 2
cfi=(41)
cfn=(116)
calls=1 -29 
* 13
* 2
fi=(40)
-26 2
+2 1
fe=(38)
+27 1
fi=(40)
-29 1
+34 2
+1 2
+1 1
fe=(38)
-8 1
+1 2
+7 1
-7 5
cfi=(29)
cfn=(126)
calls=1 199 
* 13
+4 1
+2 1
+2 1
-2 2
-9 2
cfi=(41)
cfn=(116)
calls=1 -29 
* 20
* 2
cfi=(41)
cfn=(116)
calls=1 -29 
* 196
* 4
304 1
+2 1
-2 1
-48 2
+72 1
-72 1
376 2
+13 2
-58 1
+45 1
+13 1
-58 1
-75 1
+82 1
+10 2
-92 1
+88 1
+4 3
-4 1
+3 7
-3 2
-3 1
+3 1
cfi=(29)
cfn=(126)
calls=1 199 
* 18
* 2
-3 1
+3 1
cfi=(29)
cfn=(126)
calls=1 199 
* 18
* 2
+3 2
-3 4
+3 5
+1 12
+1 2
-2 1
+2 1
cfi=(29)
cfn=(126)
calls=1 199 
* 15
* 2
-2 2
+5 8
cfi=(29)
cfn=(126)
calls=2 199 
* 30
* 4
+2 5
+5 6
+1 1
-1 3
+1 7
-1 25
+5 11
+4 1
-1 1
+1 2
-4 12
+4 2
-1 2
+1 13
-1 9
+1 18
+1 24
-1 12
-1 12
+2 24
-1 24
-1 24
+4 9
+3 1
+2 2
-1 1
-1 1
+2 1
-2 1
+2 2
-1 1
+1 2
+2 6
+1 2
+3 2
-6 2
+6 3
+7 8
+1 1
-1 2
+3 2
-3 3
+1 3
-1 6
+3 6
+3 4
-80 2
+86 9
-20 1
+1 2
-6 3
259 2
+1 2
+1 4
-1 3
+12 4
-44 2
+34 4
-2 3

fl=(63)
fn=(202)
25 3
+1 12
+1 3

fl=(9)
fn=(16)
85 4
+25 1
-25 6
+25 1
-1 1
+1 201
+11 1
-8 1
+1 1
-4 1
+3 1
+6 1
+2 13
-34 1
-1 1
+36 113
+3 1
+1 1
-5 85
+57 1
-57 1
+58 1
-1 1
-57 3
+29 1
-29 1
+30 1
-1 1
-29 3
+41 1
-41 1
+42 1
-1 1
-41 3
+35 1
-35 1
+36 1
-1 1
-35 3
+32 1
-32 1
+33 1
-1 1
-32 4
+13 1
-13 1
+14 1
-1 1
-13 3
+10 1
-10 1
+11 1
-1 1
-10 3
+7 1
-7 4
224 1
cfi=(10)
cfn=(18)
calls=1 +55 
* 33577
+3 1
cfi=(12)
cfn=(22) _dl_sort_maps_init
calls=1 +52 
* 32
fi=(13)
36 2
cfi=(14)
cfn=(28)
calls=1 -1 
* 8
fi=(6)
215 1
cfi=(15)
cfn=(32) _dl_x86_init_cpu_features
calls=1 37 
* 7202
fe=(9)
+23 3
+1 1
cfi=(22)
cfn=(60)
calls=1 41 
* 17
* 1
+2 2
cfi=(23) ./elf/../misc/sbrk.c
cfn=(62) sbrk
calls=1 37 
* 15
* 3
+12 3
+3 5
cfi=(2)
cfn=(64)
calls=1 1320 
* 103429
+2 9

fn=(462)
262 1
+1 1

fl=(12)
fn=(242)
288 20
+8 2
-8 2
+8 4
+4 16
-79 4
-37 2
+37 2
-36 8
+1 2
-1 2
+1 2
-1 4
+1 6
-1 6
+1 6
-1 12
+36 30
+8 6
-3 2
+2 2
+1 2
-8 2
+5 2
+3 8
+2 18
+2 8
-90 40
cfn=(244) dfs_traversal.part.0
calls=8 -3 
* 284
+93 16
+18 4
+13 2
+33 2
-26 8
cfi=(29)
cfn=(80)
calls=2 -62 
* 22
* 2

fn=(22)
279 2
+1 4
cfi=(10)
cfn=(24)
calls=1 402 
* 20
+2 3
-1 1
+2 2

fn=(244)
140 64
+8 8
-2 8
+2 16
+2 20
+3 20
-3 40
+9 16
+15 24
+1 8
+1 48
-17 12

fl=(19)
fn=(46)
255 24
-5 24
+16 12
-16 72
+13 12
+1 36
-3 24
+11 60
+5 24
+2 12
+1 12
-1 12
+5 48
cfn=(48) intel_check_word.constprop.0
calls=12 123 
* 3876
+2 24
+3 60
cfn=(48)
calls=12 123 
* 1156
+2 24
+3 5
cfn=(48)
calls=1 123 
* 20
+2 2
+3 5
cfn=(48)
calls=1 123 
* 255
+2 2
-35 3
+39 3
+5 96

fn=(48)
123 78
-4 78
+10 104
-10 26
+10 52
+2 52
+71 200
-71 102
+2 63
+2 126
+8 126
+51 102
+22 51
fi=(20) ./elf/../bits/stdlib-bsearch.h
28 51
-1 102
+4 102
+1 51
fe=(19)
+78 102
fi=(20)
-79 76
+1 38
fe=(19)
+78 76
+3 345
fi=(20)
-84 820
+2 512
+1 256
fe=(19)
+78 512
+15 15
246 104
fi=(20)
37 63
-8 151
fe=(19)
155 36
+3 36
-6 54
+3 14
+9 14
+23 19
-32 57
+3 57
+4 50
+2 100
+2 50
+2 36
+4 11
+2 22
+6 14
+3 8
+1 12
-8 4
+2 4
-1 4
-1 4
+2 8
-2 4
+3 12
-2 12
+2 8
-10 24
+1 10
+11 12
-26 4
+9 4
+23 2
-32 6
+3 6
+4 8
+2 16
+2 8
-11 3
+7 6
+2 12

fn=(52)
481 1
+17 1
-17 4
+16 1
-16 1
+15 1
-15 3
+18 1
-1 1
+9 2
+3 3
+11 1
-11 1
-5 1
+21 3
+4 2
681 4
+1 5
+4 2
+9 2
-2 1
+2 2
-1 1
+1 3
535 6
+3 8
+7 2
-7 9
+7 6
+3 26
+14 2
+4 1
+3 1
+1 1
-4 2
+3 3
+6 2
-37 6
+15 2
+4 1
+1 1
-1 2
+18 2
-68 6
+74 4
+8 7
+2 2
+4 3
+2 1
+2 5
-4 1
+16 1
-16 3
+21 2
-21 4
+3 1
+1 4
-4 1
+6 4
+3 2
+5 1
+2 2
+1 1
+1 1
-2 2
+1 1
-19 5
+46 2
+1 1
+1 2
+2 2
-1 3
-23 2
+7 1
+2 2
-16 1
+22 1
-6 2
+1 1
+5 1

fl=(58)
fn=(190)
153 24
-55 24
+70 28
+1 4
-2 16
+1 16

fl=(49)
fn=(156)
25 1
+2 1
+7 1
+1 1
+2 1
+1 1
+1 1
+1 1
+1 33
+3 3
+7 1
+1 1
+1 1
+1 1
+2 1
+1 1
+1 1
+1 1
+2 1
+1 1
+1 1
+9 3
+12 1
+2 1
+1 1
+1 1
-4 12
+2 12
+1 12
+1 12
+2 13
+1 13
+1 13
+2 13
+1 13
+1 13
+2 13
+1 13
+1 13
+2 1
+1 1
+1 1
+2 1
+7 1
+4 1

fl=(75)
fn=(266)
252 8
42 1
+9 1
-10 1
+4 1
-4 1
+3 1
+4 2
+1 2
-1 2
+14 2
254 8

fl=(15)
fn=(32)
37 1
+2 3
+2 1
cfi=(16)
cfn=(34)
calls=1 399 
* 7197

fn=(434)
71 1
-32 3
+32 2

fl=(43)
fn=(130)
125 7
+1 35
+6 7
+1 7
+1 7
+1 7
+2 1
+1 1
+1 1
+65 4
+1 4
+2 4
+76 6
+1 6
+5 6
+3 6
+1 6
+3 2
+1 2
+13 2
+1 2
+2 2
+3 1
+3 2
+3 1
+1 1
+1 1
+1 1
+1 1
+1 1
+1 1
-6 27
+1 27
+1 27
+1 27
+1 27
+1 27
+1 27
+3 2
+1 2
+1 2
+1 2
+5 2

fl=(45)
fn=(150)
116 2
+1 2

fn=(144)
56 1
+3 2
+4 1
-6 1
+4 1
+2 2
+22 2
+5 2
+1 1
+1 1
-1 1
-1 1
+5 2
+4 2
+8 2
-43 2
+32 6

fn=(184)
38 3
+3 3
-1 6
+4 6
+4 3

fl=(65)
fn=(212) openaux
61 6
+7 2
-4 4
+1 2
-1 16
cfi=(31)
cfn=(170)
calls=2 2022 
* 6468
* 2
+5 4

fn=(208)
159 5
+1 3
-1 1
+1 1
-1 2
+1 1
-1 3
+1 1
-1 4
+1 12
-8 1
-7 1
+15 1
-14 1
+6 1
+8 1
-15 1
+7 1
-8 1
+1 1
+7 1
-7 1
+31 3
-28 3
-2 1
+31 1
-33 2
+2 2
+30 2
-30 1
-1 4
+7 4
+24 2
-32 1
+60 1
-60 2
+36 1
fi=(72) ./elf/../include/scratch_buffer.h
77 3
fe=(65)
198 1
fi=(72)
78 1
fe=(65)
200 2
+98 1
198 1
+4 1
+7 1
+4 4
-4 3
+4 12
+11 12
-18 2
+18 4
433 12
+2 2
+3 2
-3 4
+3 2
fi=(28)
56 2
cfi=(27)
cfn=(76)
calls=2 -21 
* 50
* 2
fe=(65)
439 4
+6 2
+1 10
cfi=(29)
cfn=(80)
calls=2 212 
* 22
+1 10
cfi=(29)
cfn=(80)
calls=2 212 
* 22
+4 2
-1 2
+5 16
204 9
458 9
-1 4
+1 8
199 3
+27 10
+5 2
+6 2
-5 2
-1 2
+2 4
+4 8
-31 2
+31 2
+1 6
+6 8
cfi=(31)
cfn=(210)
calls=2 -6 
* 108
* 6
+4 4
-2 2
+2 4
cob=(2)
cfi=(50)
cfn=(162) 0x0000000004002050
calls=2 0 
* 6626
+1 4
+9 2
+2 4
+5 10
+6 2
+2 2
-8 4
+3 2
+1 2
+1 2
+1 2
+4 10
+4 6
+1 3
-43 200
+1 96
+44 144
-38 4
fi=(72)
85 3
fe=(65)
464 6
+1 1
+3 4
+11 3
fi=(28)
56 1
cfi=(27)
cfn=(76)
calls=1 -21 
* 25
* 1
fe=(65)
481 2
+5 3
+1 1
-1 2
+4 2
-2 1
+2 1
-2 2
+11 3
+5 3
-14 9
-2 3
+4 3
+7 3
-2 6
-5 1
+7 1
-2 2
+2 2
+5 1
-14 6
+17 2
+52 3
+37 3
+15 1
-11 1
+11 1
-14 2
+20 1
-1 3
+1 3
-1 5
cfi=(12)
cfn=(242)
calls=1 288 
* 260
+5 1
+3 1
-1 1
+2 2
+7 3
+3 3
+3 8
214 25
+3 2
fi=(72)
-86 6
cfi=(71) ./malloc/./malloc/scratch_buffer_set_array_size.c
cfn=(236) __libc_scratch_buffer_set_array_size
calls=2 30 
* 40
fe=(65)
+86 4
+4 6
611 2
cfi=(29)
cfn=(80)
calls=1 212 
* 11
* 1
-53 2
160 2
380 6

fl=(77)
fn=(276)
840 920
+10 92
-10 184
+10 92
-10 92
+10 92
204 92
840 92
204 460
581 368
-1 184
+2 92
-1 92
+1 276
-1 276
+1 1224
-1 1224
+1 3672
-1 3672
+2 92
846 92
-4 92
+1 92
+7 92
-8 92
+1 92
+7 341
+3 92
+2 184
-2 92
+6 184
-7 552
+7 35
+1 1288
cfn=(278) do_lookup_x
calls=92 363 
* 32269
* 276
+28 92
-23 92
+23 92
-23 184
+24 494
+7 85
-7 85
+40 340
+79 170
-65 255
+3 255
-62 92
+69 828
-86 42
+18 21
+59 2

fn=(280) check_match
70 87
+3 87
-3 1044
+3 344
+13 85
-13 85
+13 85
-13 85
+13 255
+3 258
cfi=(32)
cfn=(90)
calls=22 +19 
* 1194
* 44
+4 85
+1 170
+2 166
+19 166
+1 664
-38 85
+84 510
-18 4
+2 4
+1 2
-1 4
+1 6
-1 4
+16 12
-45 249
cfi=(32)
cfn=(90)
calls=83 -9 
* 2119
* 166
-44 8
+82 4

fn=(278)
363 736
+1 92
-1 460
+48 92
-30 184
-11 92
+41 92
-30 276
+30 92
fi=(78) ./elf/../sysdeps/generic/dl-protected.h
44 276
fe=(77)
381 92
fi=(78)
44 368
fe=(77)
395 879
+4 293
+4 293
-3 293
+3 1172
+1 879
+3 293
+1 586
+7 293
-3 586
-2 293
+5 1172
+3 2051
570 624
374 586
+3 586
+4 586
+4 586
+4 586
+88 170
fi=(4)
137 170
+1 255
fe=(77)
528 170
fi=(78)
29 170
fe=(77)
535 660
+16 170
+1 85
+1 170
422 364
-1 182
+2 182
+2 1092
+13 384
-10 1065
+3 87
-1 174
+1 87
-1 87
+2 174
-1 1044
cfn=(280)
calls=87 70 
* 8081
+4 261
+3 4
573 7
+1 736
-35 15
-70 12
171 42
452 680

fl=(67)
fn=(228) _dl_cache_libcmp
370 10
+1 10
+32 10
-33 20
+1 22
+2 49
+2 49
-2 98
+20 96
+2 96
-12 39
+2 39
+14 39
+1 39
-29 78
+32 3
-28 2
+8 1
-2 2
+1 2
-1 1
+2 3
+2 1
-3 1
+3 3
+2 2
+9 27

fn=(220)
416 10
+2 2
+3 3
+74 1
208 1
495 2
+3 3
fi=(69) ./elf/../sysdeps/x86/dl-procinfo.h
39 2
+3 3
cfi=(32)
cfn=(90)
calls=1 +66 
* 25
* 4
fe=(67)
212 6
cfi=(10)
cfn=(24)
calls=1 402 
* 21
* 1
+16 2
-16 1
+6 2
+10 1
-7 5
+9 3
+1 1
-37 2
+37 1
+4 2
-5 24
+1 8
-37 16
+37 8
+4 16
+4 27
cfn=(228)
calls=9 370 
* 668
+1 18
359 8
+3 8
228 8
360 4
228 11
+2 5
+20 2
+3 2
+2 4
cfn=(228)
calls=1 370 
* 74
* 2
-7 2
-30 2
+1 1
+95 1
-95 1
-1 8
+96 3
-47 2
+10 2
+1 3
fi=(68) ./elf/../sysdeps/generic/dl-cache.h
125 5
fe=(67)
294 2
+9 2
+3 2
+2 3
+1 2
+5 2
+1 4
+7 2
+21 4
513 2
+12 2
cfi=(22)
cfn=(60)
calls=1 41 
* 35
* 12
+1 1
-1 1
+1 1
-1 1
+1 1
cfi=(29)
cfn=(80)
calls=1 212 
* 11
* 1
+1 1
cfi=(44)
cfn=(138)
calls=1 40 
* 89
+1 8
-3 2
424 4
cfi=(53)
cfn=(222)
calls=1 36 
* 91
* 1
+8 5
+1 8
+3 4
+1 1
-1 3
fi=(68)
194 1
+1 5
fe=(67)
444 1
+1 2

fn=(466)
537 1
+1 4
-1 1
+3 2
cfi=(127)
cfn=(468)
calls=1 117 
* 6
+1 1
+4 1
+2 2

fl=(39)
fn=(110)
29 1
fi=(18)
+2 1
fe=(39)
+7 1
fi=(18)
-7 2
-1 2
fe=(39)
+22 1
fi=(18)
-20 3
+4 1
fe=(39)
+2 1
fi=(18)
-2 2
+3 4
+1 4
+5 1
fe=(39)
-7 1
fi=(18)
+7 3
fe=(39)
-2 1
fi=(18)
+5 2
+1 3
+2 4
fe=(39)

fl=(8)
fn=(14)
25 4
+3 4
-3 4
+3 8
+3 12
+1 8
+2 4
-1 4
+3 12
+1 4
+4 4
-3 4
+7 4
-4 4
-3 4
+2 8
+5 4
-5 4
-2 4
+7 4
-5 4
+10 4

fl=(22)
fn=(60)
41 16
+44 16
+1 16
+1 16
+1 16
+1 16
+1 16
+1 16
+2 16
+2 16
+31 16
+1 16
+1 16
+1 16
+1 16
+1 10
+2 10
+4 6
+1 6
+1 6
+1 6
+1 6
+1 6
+1 6
+1 6
+1 6
+1 6
+1 6
+1 6
+5 48

fl=(143) ./elf/./elf/dl-init.c
fn=(472) _dl_init
77 12
+1 1
+1 1
+3 3
+8 2
+25 1
+1 5
+1 2
-86 4
+86 6
-86 12
+2 20
cfn=(474) call_init.part.0
calls=3 -7 
* 193
+83 12
+7 8
-92 4
+2 6
cfn=(474)
calls=1 -7 
* 61
+52 2

fn=(474)
26 32
+13 4
-13 4
+16 4
-3 8
+3 8
+5 6
+8 9
+1 6
cob=(2)
cfi=(50)
cfn=(476) 0x000000000483f000
calls=1 -56 
* 26
+3 3
+1 6
+6 2
+2 2
-2 1
+3 7
+1 4
cob=(3)
cfi=(148) ./libio/./libio/vtables.c
cfn=(502) check_stdfiles_vtables
calls=1 +13 
* 12
* 4
cob=(3)
cfi=(145) ./csu/./csu/init-first.c
cfn=(494) _init_first
calls=1 -24 
* 74
-1 6
+3 24
-29 2

fl=(46)
fn=(260)
422 2
+13 1
-13 2
+2 1
+12 1
fi=(28)
56 1
cfi=(27)
cfn=(76)
calls=1 -21 
* 53
fe=(46)
437 3
+8 2
fi=(28)
44 1
fe=(46)
445 2
+1 1
+4 321
+19 1
-99 1
+4 1
+1 1
fi=(28)
44 1
cfi=(27)
cfn=(72)
calls=1 +34 
* 36
fe=(46)
376 2
+3 1
+6 2
+90 5

fn=(146)
197 1
+2 2
+1 1
+15 2

fn=(412)
528 10
+1 2
+4 1
+6 1
-6 1
+6 1
cfi=(24)
cfn=(84)
calls=1 42 
* 3
+3 3
+12 1
-18 1
-1 1
+43 3
-19 13
+9 3
+1 2
+6 3
+1 1
+2 2
-2 1
+6 1
-4 2
+4 1
-4 2
+3 2
+4 2
+1 4
+2 2
+1 2
+17 1
-8 1
+8 1
+2 3
cfi=(29)
cfn=(126)
calls=1 199 
* 13
* 5
cfi=(43)
cfn=(130)
calls=1 125 
* 25
-49 1
+55 1
-55 4
+6 4
+55 2
cfi=(24)
cfn=(84)
calls=1 42 
* 3
+3 2
+3 9

fn=(258)
221 8
+6 3
+3 2
+36 3
+2 1
-2 1
-2 1
-40 1
-1 1
-1 1
+46 2
+23 3
+3 1
-3 4
+2 2
-2 1
-25 1
+20 1
-20 5
+2 2
+3 1
-1 1
+5 2
-5 1
+1 1
-1 1
+3 2
+2 3
+32 3
-1 1
+1 4
+2 2
-2 2
+53 8

fn=(234)
131 2
+3 1
+13 1
-13 1
+52 1
+2 1
+3 1
+1 2

fn=(256)
97 2
+4 1
-4 2
+4 1
-4 2
+4 3
cfi=(10)
cfn=(24)
calls=1 402 
* 21
* 1
+1 4
cfi=(10)
cfn=(24)
calls=1 402 
* 21
* 1
+8 1
-8 1
+6 2
+2 3
+3 1
+2 1
-32 3
+34 3
+1 5

fn=(410)
1015 8
+6 1
+3 1
+1 1
+4 3
+34 2
+3 3
+1 3
+3 6

fl=(23)
fn=(62)
37 5
+3 1
+18 2
+4 2
+16 5

fl=(128)
fn=(414)
561 4
+3 1
+2 2
+13 1
cfn=(418) _dlfo_process_initial
calls=1 474 
* 79
+1 1
-1 1
+1 1
fi=(28)
56 1
cfi=(27)
cfn=(76)
calls=1 -21 
* 25
fe=(128)
580 1
fi=(28)
56 1
fe=(128)
582 2
+3 2
+5 1
+1 1
cfn=(418)
calls=1 474 
* 280
+3 3
+10 4
-37 2
cfi=(129) ./elf/./dl-find_object.h
cfn=(416) _dl_find_object_from_map
calls=1 95 
* 68
* 1
+29 2
cfn=(420) _dlfo_sort_mappings
calls=1 -60 
* 80
+3 6
+2 1

fn=(418)
474 2
+3 2
-3 2
+1 2
+3 4
+26 14
+1 6
+1 8
-1 16
+3 28
+3 24
-7 10
+25 2
+2 8
-18 18
+3 6
-1 6
cfi=(129)
cfn=(416)
calls=3 95 
* 189
+2 12

fn=(420)
536 1
+1 2
+3 4
+4 1
+1 1
-1 1
+1 2
-1 1
+1 1
-1 1
+1 6
+1 19
-1 9
+8 6
+1 4
-1 2
-13 4
+14 6
+1 4
-15 4
+17 1

fl=(27)
fn=(142)
95 3
+2 12

fn=(76)
35 120
+1 24
+11 24
-11 48
+11 48
+3 24
-3 24
+3 136
+18 24
+1 24
+2 96
-16 8
+1 4
+2 2
+1 14
cfi=(59)
cfn=(192)
calls=2 -12 
* 18
* 2
+2 4
+2 4
+2 2
+4 2
-4 4
-23 1
-1 1
+1 1
+1 2
-2 2

fn=(72)
78 8
+4 8
-4 32
+7 8
+1 24
fi=(28)
-30 8
cfi=(27)
cfn=(76)
calls=8 -21 
* 235
fe=(27)

fl=(25)
fn=(68)
28 3
+1 3
+3 72
+13 62
-13 124
+2 128
+1 36
+5 2
-3 2
+3 2
+2 2
+7 1

fl=(64)
fn=(206)
25 1
+2 7
+4 1

fl=(71)
fn=(236)
30 20
+4 2
+1 4
+11 2
-1 4
+18 8

fl=(26)
fn=(70)
59 42
+3 6
+18 2
+3 2
-3 2
+3 2
cfi=(22)
cfn=(60)
calls=2 -42 
* 52
+4 4
-4 4
+9 4
fi=(28)
-48 6
cfi=(27)
cfn=(72)
calls=2 +34 
* 100
fe=(26)
+48 1
fi=(28)
-48 3
cfi=(27)
cfn=(72)
calls=1 +34 
* 43
* 3
fe=(26)
+51 6
+5 3
-2 3
+6 3
-4 3
+4 3
-5 3
+4 3
+1 3
-1 3
+1 6
cfi=(29)
cfn=(80)
calls=3 212 
* 44
* 6
+2 3
+13 6
+6 1
+2 7
+3 2
-3 14
+3 4
+9 3
-7 3
+4 3
+3 15
+2 1
-2 3
+2 15
-2 45
+16 6
-5 3
+5 3
-6 3
+6 3
-6 3
+6 6
+2 4
+3 4
-3 4
+7 8
+4 4
+8 2
+3 2
+10 3
-10 4
+10 6
+2 2
+21 2
-21 2
cfi=(22)
cfn=(60)
calls=2 41 
* 70
* 6
+17 2
-13 6
+50 6
cfi=(29)
cfn=(126)
calls=2 -46 
* 34
* 2
+5 4
+1 4
-1 80
+1 80
+2 4
+3 2
+3 2
+4 27
131 8
-12 4
+34 1
+7 4
+8 8
fi=(28)
56 4
cfi=(27)
cfn=(76)
calls=2 -21 
* 50
* 2
fe=(26)
200 8
64 2
+2 3
+1 2
+10 5
-6 2

fn=(82)
31 6
+2 3
-2 6
+2 3
-2 6
+2 3
cfi=(24)
cfn=(84)
calls=3 +9 
* 9
+2 23
+3 20
+2 2
+2 2
+4 2
+4 2
-4 4
+1 2
+4 2
-4 2
+1 2
+3 2
-3 2
+3 2
-1 2
cfi=(24)
cfn=(84)
calls=2 -8 
* 6
-4 1
+4 1
-4 2
+1 1
+4 1
-4 1
+1 1
+3 1
-3 1
+3 1
-1 1
cfi=(24)
cfn=(84)
calls=1 -8 
* 3
-5 2

fl=(54)
fn=(176)
28 12
+3 12
-3 36
+3 72
+8 84
+2 3
-2 27
+2 9

fl=(51)
fn=(160) _dl_catch_error
225 10
+2 2
cob=(2)
cfi=(50)
cfn=(162)
calls=1 0 
* 2759
+1 2
+1 1
+1 1
-1 1
+1 1
+2 5

fn=(164) _dl_catch_exception
175 9
+5 3
-5 9
+5 3
-2 6
+22 3
-1 3
+7 6
-6 3
+3 6
+3 3
cfi=(52)
cfn=(166)
calls=3 30 
* 72
* 12
+2 9
cfi=(65)
cfn=(212)
calls=2 61 
* 6504
cfi=(2)
cfn=(168)
calls=1 663 
* 2698
+2 3
-1 3
+1 3
-1 3
+1 6
+9 12

fn=(246)
238 6
+1 1
+1 1
+3 1
+1 1
+2 1
cfi=(2)
cfn=(248)
calls=1 696 
* 3300
+2 1
+1 1
+1 4

fl=(129)
fn=(416)
95 8
+1 8
+1 4
+6 20
+1 119
+1 82
+2 12
+5 4

fl=(132)
fn=(430)
30 2
+10 3
-10 1
+10 2
-10 1
+7 1
+3 2
cfi=(133)
cfn=(432)
calls=1 +34 
* 175
+4 2
+1 8
+2 3
-2 1
+2 3
cfi=(133)
cfn=(432)
calls=1 +27 
* 198
+4 2
+1 6
+1 2
-1 1
+1 2

fl=(36) ./posix/../sysdeps/unix/syscall-template.S
fn=(102) uname
120 5
+2 1

fl=(42)
fn=(118)
23 15
+1 15
+1 15
+1 15
+1 15
+1 15
+1 15
+1 15
+1 15
+1 15
+1 15
+1 15
+1 15
+1 15
+1 15
+1 15
+1 15
+1 15
+1 13
+4 13
+1 13
+1 13
+1 13
+2 13
+4 2
+1 2
+1 2
+1 2
+1 2
+1 2
+1 2
+1 2
+1 2
+1 2
+1 2
+1 2
+1 2
+1 2
+1 2
+1 2
+1 2
+1 2
+1 2
+1 2
+1 2
+1 2
+1 2
+1 2
+52 2
+4 2
+1 2
+1 2
+1 2
+2 2

fl=(55)
fn=(178)
25 2
+1 8
+1 2

fl=(1) ???
fn=(0) 0x00000000000202b0
0 2
cfi=(2)
cfn=(2)
calls=1 527 
0 146895
0 14
cfi=(143)
cfn=(472)
calls=1 77 
0 355
0 3
cob=(5)
cfi=(149)
cfn=(506) (below main)
calls=1 0 
0 7669

fl=(57)
fn=(188)
29 6
+1 6
+5 9
cfi=(58)
cfn=(190)
calls=3 153 
* 24

fl=(29)
fn=(126)
199 29
+1 29
+1 29
+1 29
+17 29
+1 29
+2 5
+1 5
+1 5
+2 4
+1 4
+1 4
+2 4
360 24
+1 24
+2 8
+4 8
+1 3
+1 3
+1 2
+1 2
+1 2
+1 2
+2 2
+2 3
+6 5
+1 5
+1 5
+1 5
+1 5
+29 16
+1 16
+1 16
+1 16
+1 16
+7 1
+1 1
+1 1
+1 1
+1 1
+1 1
+1 1
+11 1
+1 1
+2 1
+1 1
+1 1

fn=(80)
212 16
+1 16
+6 16
+1 16
+2 10
+1 10
+1 10
+2 7
+1 7
+1 7
+2 7
360 6
+1 6
+2 1
+4 1
+1 1
+1 1
+1 1
+1 1
+4 1
+2 1
+39 5
+1 5
+1 5
+1 5
+1 5
+7 3
+1 3
+1 3
+1 3
+1 3
+1 3
+1 3
+11 3
+1 3
+2 3
+1 3
+1 3

fl=(32)
fn=(90)
108 153
+33 153
+1 153
+2 153
+1 153
+21 153
+1 153
+1 135
+1 135
+1 119
+1 119
+1 119
+1 119
+21 119
+1 119
+1 119
+1 119
+1 119
+1 119
+1 119
+5 5
+1 15
+9 5
+1 5
+1 5
+1 5
+1 5
+1 5
+1 5
+1 5
-7 34
+1 34
+1 34
+1 34
+1 34
+1 34
+1 34
+1 34
+1 35
+1 22
+1 22
+1 22
+2 22
+1 22
+1 22
+1 22
+1 22
+1 22
-5 13
+1 13
+1 13
+1 13
+1 13
+1 13
+10 4
+1 4
+1 4
+2 4
+6 4
+1 4
+1 4
+1 4
+1 4
+5 4
+2 3
+1 3
+1 6
+8 3
+1 3
+3 3
+1 3
+1 3
+1 3
+1 3
+1 3
568 1
+1 1
+1 1
+1 1
+1 1
+2 1
+1 1
+1 1
+1 1
+1 1
+1 1
+1 1
+1 1
+4 1
+1 1
+1 1
+6 1
+1 1
+1 2
+4 1
+1 1
+3 1
+1 1
+1 1
+3 1
+1 1
+1 1
+6 1
+1 1
+1 1
+1 1
+1 1
+1 1
943 1
+1 1
+1 1
+1 1
+1 1
+2 1
+1 1
+1 1
+1 1
+1 1
+1 1
+1 1
+1 1
+4 1
+1 1
+1 1
+6 1
+1 1
+1 2
+4 1
+1 1
+3 1
+1 1
+1 1
+3 1
+1 1
+1 1
+6 1
+1 1
+1 1
+1 1
+1 1
+1 1
+72 5
+1 5
+1 5
+1 5
+1 5
+2 5
+1 5
+1 5
+1 5
+1 5
+1 5
+1 5
+1 1
+4 1
+1 1
+1 1
+6 1
+1 1
+1 2
+4 1
+1 1
+3 1
+1 1
+1 1
+3 1
+1 1
+1 1
+6 1
+1 1
+1 1
+1 1
+1 1
+1 1
+7 1
+1 1
+2 1
+1 1
+2 1
+1 1
+1 1
+3 1
+1 1
+1 1
+6 1
+1 1
+1 1
+1 1
+1 1
+1 1
+41 2
+1 2
+1 2
+1 2
+1 2
+2 2
+1 2
+1 2
+1 2
+1 2
+1 2
+1 2
1318 2
+1 2
+1 2
+1 2
+1 2
+2 2
+1 2
+1 2
+1 2
+1 2
+1 2
+1 2
+1 2
+4 2
+1 2
+1 2
+6 2
+1 2
+1 4
+4 2
+1 2
+3 2
+1 2
+1 2
+3 2
+1 2
+1 2
+6 2
+1 2
+1 2
+1 2
+1 2
+1 2
1693 3
+1 3
+1 3
+1 3
+1 3
+2 3
+1 3
+1 3
+1 3
+1 3
+1 3
+1 3
+1 2
+4 2
+1 2
+1 2
+6 2
+1 2
+1 4
+4 2
+1 2
+3 2
+1 2
+1 2
+3 2
+1 2
+1 2
+6 2
+1 2
+1 2
+1 2
+1 2
+1 2
+72 1
+1 1
+1 1
+1 1
+1 1
+2 1
+1 1
+1 1
+1 1
+1 1
+1 1
+1 1
1943 4
+1 4
+1 4
+1 4
+1 4
+2 4
+1 4
+1 4
+1 4
+1 4
+1 4
+1 4
+1 2
+4 2
+1 2
+1 2
+6 2
+1 2
+1 4
+4 2
+1 2
+3 2
+1 2
+1 2
+3 2
+1 2
+1 2
+6 2
+1 2
+1 2
+1 2
+1 2
+1 2
+72 16
+1 16
+1 16
+1 16
+1 16
+2 16
+1 16
+1 16
+1 16
+1 16
+1 16
+1 16
+2 6
+4 6
+1 6
+1 6
+6 6
+1 6
+2 12
+4 6
+1 6
+3 6
+1 6
+1 6
+3 6
+1 6
+1 6
+6 6
+1 6
+1 6
+1 6
+1 6
+1 6
+74 18
+2 18
+1 18
+1 18
+1 18
-3 21
+1 21
+1 21
+1 21
+1 44
+5 22
+6 22
+1 22
+8 22
+1 22
-16 131
+6 131
+1 131
+8 131
+1 131

fl=(13)
fn=(100)
46 5
+2 3
+85 5
-45 2
cfi=(36)
cfn=(102)
calls=1 +32 
* 6
+15 1
-15 2
+20 1
-1 1
+3 12
+4 3
-2 6
+2 10
+3 1
-1 1
+1 3
-3 4
+7 3
-1 3
+4 3
-2 3
+2 10
+5 2

ob=(3)
fl=(160) ./libio/./libio/genops.c
fn=(672) _IO_flush_all_lockp
686 12
+5 6
cfi=(180) ./nptl/./nptl/libc-cleanup.c
cfn=(674) __libc_cleanup_push_defer
calls=1 24 
* 10
+1 9
+3 1
-8 1
+5 2
+3 2
fi=(170) ./libio/./libio/libioP.h
940 4
fe=(160)
709 6
+2 3
-16 9
+2 3
+1 6
+3 21
+14 9
+1 2
cfi=(180)
cfn=(678) __libc_cleanup_pop_restore
calls=1 39 
* 8
+4 12

fn=(590) _IO_setb
329 9
+1 4
+5 2
-3 1
+3 4
+3 4

fn=(594) _IO_default_xsputn
371 1
+3 2
-3 8
fi=(170)
940 1
fe=(160)
371 1
fi=(170)
940 1
fe=(160)
371 1
fi=(170)
940 1
fe=(160)
371 2
+28 50
fi=(170)
942 32
+1 32
fe=(160)
399 64
cfi=(159) ./libio/./libio/fileops.c
cfn=(552) _IO_file_overflow@@GLIBC_2.2.5
calls=16 731 
* 544
* 32
+2 16
-22 84
+25 1
-29 1
+29 7

fn=(670) _IO_cleanup
863 2
+3 1
-3 9
-77 1
+80 1
cfn=(672)
calls=1 686 
* 126
-80 2
+80 1
-80 3
cfi=(180)
cfn=(674)
calls=1 24 
* 10
+1 9
+3 1
-3 2
+3 2
fi=(170)
940 4
fe=(160)
838 3
-48 9
+9 9
+2 6
+6 13
+8 5
+9 1
fi=(170)
942 2
+1 2
fe=(160)
824 4
cfi=(159)
cfn=(682) _IO_file_setbuf@@GLIBC_2.2.5
calls=1 381 
* 83
+2 3
+4 5
+1 8
+11 9
+1 2
cfi=(180)
cfn=(678)
calls=1 39 
* 8
+35 12
-59 1
-2 1
+3 1
-3 1
+2 3

fn=(554) _IO_doallocbuf
343 1
+1 2
-1 3
+3 4
+1 1
fi=(170)
940 3
+2 2
+1 2
fe=(160)
347 2
cfi=(161) ./libio/./libio/filedoalloc.c
cfn=(556) _IO_file_doallocate
calls=1 78 
* 1920
* 2
+3 4

fn=(684) _IO_default_setbuf
452 2
fi=(170)
940 1
fe=(160)
452 2
fi=(170)
940 1
fe=(160)
452 1
fi=(170)
940 1
fe=(160)
452 4
+1 1
fi=(170)
942 2
+1 2
fe=(160)
453 2
cfi=(159)
cfn=(686) _IO_file_sync@@GLIBC_2.2.5
calls=1 792 
* 18
* 2
+4 1
330 1
462 1
-7 2
332 2
+5 1
-5 1
+5 1
467 1
332 1
466 4
+2 6
-11 1
+1 2
-1 1
330 4

fn=(596) __overflow
199 3
+2 3
+2 1
fi=(170)
940 3
+2 2
+1 2
fe=(160)
203 1
+1 2
-1 1
cfi=(159)
cfn=(552)
calls=1 731 
* 149

fl=(117)
fn=(380)
29 1
fi=(99) ./string/../sysdeps/x86_64/multiarch/ifunc-strcpy.h
+7 2
+1 1
-1 2
+1 2
+2 2
+4 3
+3 3
fe=(117)
-17 1

fl=(146) ./misc/./misc/init-misc.c
fn=(496) __init_misc
30 1
+1 2
-1 4
+1 3
+2 3
cob=(2)
cfi=(50)
cfn=(498) 0x00000000048795f0
calls=1 -33 
* 30
+4 5
+1 3
+2 4

fl=(83)
fn=(294)
29 1
fi=(188) ./string/../sysdeps/x86_64/multiarch/ifunc-sse4_2.h
+1 5
fe=(83)
-1 1

fl=(105)
fn=(346)
43 1
-6 5
+6 1

fl=(145)
fn=(494)
46 4
+5 2
+4 5
+8 1
-2 1
+10 1
-9 1
+1 1
+9 2
-1 1
cfi=(146)
cfn=(496)
calls=1 -41 
* 55

fl=(168) ./misc/./misc/sbrk.c
fn=(586) sbrk
37 4
+6 2
-6 2
+3 2
-3 4
+3 2
+3 2
+20 1
+15 10
-20 4
+1 2
cfi=(169) ./misc/../sysdeps/unix/sysv/linux/brk.c
cfn=(588) brk
calls=1 -24 
* 9
* 2
+4 1
-1 4
+4 4
+8 1
cfi=(169)
cfn=(588)
calls=1 -39 
* 9
* 2

fl=(135)
fn=(438)
33 7
+2 1
cfi=(136) ./ctype/./ctype/ctype-info.c
cfn=(440) __ctype_init
calls=1 -6 
* 17
+3 1
fi=(138) ./elf/../sysdeps/nptl/pthread_early_init.h
-5 2
fe=(135)
+8 1
-3 1
fi=(138)
-5 1
cfi=(137) ./resource/../sysdeps/unix/sysv/linux/getrlimit64.c
cfn=(442) getrlimit
calls=1 +5 
* 10
* 3
+1 6
+11 1
fi=(189) ./elf/../nptl/nptl-stack.h
+13 3
fi=(138)
-13 1
fi=(189)
+13 2
fi=(138)
-4 1
fi=(189)
+4 2
fi=(138)
-6 1
fi=(189)
+6 1
fi=(138)
-12 1
+6 6
+1 1
+4 1
cfi=(139) ./nptl/./nptl/pthread_mutex_conf.c
cfn=(446) __pthread_tunables_init
calls=1 -7 
* 884
fe=(135)
-10 3
+2 2
-2 1
cfi=(142) ./nptl/../sysdeps/unix/sysv/linux/x86/elision-conf.c
cfn=(460) __lll_elision_init
calls=1 +49 
* 147

fl=(150) ./csu/../csu/libc-start.c
fn=(508) __libc_start_main@@GLIBC_2.34
242 12
343 3
+1 3
cfi=(151) ./stdlib/./stdlib/cxa_atexit.c
cfn=(510) __cxa_atexit
calls=1 69 
* 71
+25 6
+6 2
-3 2
+10 2
cob=(2)
cfi=(50)
cfn=(524) 0x00000000048796d0
calls=1 0 
* 836
+2 2
+8 4
cfi=(152) ./csu/../sysdeps/nptl/libc_start_call_main.h
cfn=(530) (below main)
calls=1 29 
* 6660
128 2
+6 3
+1 6
cob=(2)
cfi=(50)
cfn=(514) 0x0000000000109000
calls=1 0 
* 7
* 1
+3 1
+1 2
+3 2
+1 2
-1 1
+2 7
+1 4
cob=(5)
cfi=(149)
cfn=(518) 0x0000000000001160
calls=1 0 
* 12
-1 4

fl=(118)
fn=(384)
29 1
fi=(119) ./wcsmbs/../sysdeps/x86_64/multiarch/ifunc-memcmp.h
+5 2
+1 1
-1 2
+1 2
+1 2
+1 3
+2 2
+4 3
+3 3
fe=(118)
-17 1

fl=(147) ./string/../sysdeps/x86_64/multiarch/strrchr-avx2.S
fn=(500) __strrchr_avx2
46 1
+1 1
+1 1
+2 1
+1 1
+3 1
+1 1
+1 1
+2 1
+1 1
+1 1
+1 1
+1 1
+1 1
+2 1
+1 1
+12 1
+1 1
219 1
+1 1
+1 1
+1 1
+1 1
+2 1
+1 1
+1 1
+1 2

fl=(92)
fn=(314)
31 2
fi=(93) ./wcsmbs/../sysdeps/x86_64/multiarch/ifunc-avx2.h
+2 10
-1 4
+2 6
+2 4
+4 6
+3 8
fe=(92)
-12 2

fl=(176)
fn=(620)
367 1
51 3
+1 2
367 1
57 2
+8 1
-3 1
-23 1
+1 2
+30 1
369 2
40 3
+1 2
+33 2
+6 4
+4 3
+3 3

fl=(87)
fn=(302)
29 1
fi=(88) ./string/../sysdeps/x86_64/multiarch/ifunc-memset.h
+21 5
+3 3
+7 2
+9 2
+2 2
+10 2
+8 2
+2 5
fe=(87)

fl=(95)
fn=(320)
28 1
fi=(82) ./string/../sysdeps/x86_64/multiarch/ifunc-avx2.h
+5 5
-1 2
+2 3
+2 2
+4 3
+3 4
fe=(95)
-15 1

fl=(108)
fn=(354)
29 1
fi=(109) ./string/../sysdeps/x86_64/multiarch/ifunc-memcmp.h
+5 2
+1 1
-1 2
+1 2
+1 2
+1 3
+2 2
+4 3
+3 3
fe=(108)
-17 1

fl=(120)
fn=(388)
33 1
fi=(99)
+3 2
+1 1
-1 2
+1 2
+2 2
+4 3
+3 3
fe=(120)
-13 1

fl=(142)
fn=(460)
96 2
+5 1
-5 1
+5 1
-5 3
+5 3
cob=(2)
cfi=(50)
cfn=(448) 0x0000000004879650
calls=1 0 
* 22
+2 4
cob=(2)
cfi=(50)
cfn=(448)
calls=1 0 
* 22
+2 4
cob=(2)
cfi=(50)
cfn=(448)
calls=1 0 
* 22
+2 4
cob=(2)
cfi=(50)
cfn=(448)
calls=1 0 
* 22
+2 4
cob=(2)
cfi=(50)
cfn=(448)
calls=1 0 
* 22
+4 3
+1 1
+1 6

fl=(161)
fn=(556)
78 9
+6 4
fi=(170)
940 3
+2 2
+1 2
fe=(161)
84 3
cfi=(159)
cfn=(558) _IO_file_stat
calls=1 1146 
* 18
* 2
+2 4
+11 4
+4 2
cob=(2)
cfi=(50)
cfn=(564) 0x0000000004879380
calls=1 0 
* 1815
* 1
+1 2
+2 4
cfi=(160)
cfn=(590)
calls=1 329 
* 24
+1 1
+1 8
-15 1
fi=(190) ./libio/../include/sys/sysmacros.h
-44 6
fe=(161)
+44 1
-2 2
+5 2

fl=(181) ./posix/../sysdeps/unix/sysv/linux/_exit.c
fn=(688) _Exit
27 2
+3 1
+1 2

fl=(94)
fn=(318)
61 1
-20 2
+1 1
-1 2
-1 2
+2 2
+2 2
+4 3
+3 3
+10 1

fl=(114)
fn=(370)
29 1
fi=(99)
+7 2
+1 1
-1 2
+1 2
+2 2
+4 3
+3 3
fe=(114)
-17 1

fl=(139)
fn=(446)
50 2
+1 2
-1 4
+1 3
cob=(2)
cfi=(50)
cfn=(448)
calls=1 -51 
* 840
+2 4
cob=(2)
cfi=(50)
cfn=(448)
calls=1 -53 
* 23
+2 6

fl=(166) ./stdlib/../sysdeps/unix/sysv/linux/getrandom.c
fn=(572) getrandom
28 1
+1 7
+1 1

fl=(121)
fn=(392)
29 1
fi=(122) ./string/../sysdeps/x86_64/multiarch/ifunc-evex.h
+6 5
-1 2
+2 3
+5 2
-3 2
+9 3
+3 4
fe=(121)
-21 1

fl=(171) ./io/../sysdeps/unix/sysv/linux/write.c
fn=(602) write
25 1
+1 7
+1 1

fl=(180)
fn=(678)
39 2
+3 4
+2 4
+1 4
+2 2

fn=(674)
24 2
+3 4
+3 8
+1 2
+2 2
+1 2

fl=(96)
fn=(324)
29 2
fi=(91) ./string/../sysdeps/x86_64/multiarch/ifunc-memmove.h
+24 6
-1 4
+4 6
+14 4
+2 4
+8 4
+8 4
+2 10
fe=(96)

fl=(81)
fn=(290)
31 2
fi=(82)
+2 10
-1 4
+2 6
+2 4
+4 6
+3 8
fe=(81)
-12 2

fl=(110)
fn=(358)
31 2
fi=(111) ./wcsmbs/../sysdeps/x86_64/multiarch/ifunc-wmemset.h
+2 10
+1 6
+2 4
+8 6
+3 8
fe=(110)
-16 2

fl=(115)
fn=(374)
31 1
fi=(191) ./string/../sysdeps/x86_64/multiarch/ifunc-strcasecmp.h
+1 5
fe=(115)
-1 1

fl=(154) ./setjmp/../sysdeps/x86_64/setjmp.S
fn=(534) __sigsetjmp
30 1
+2 1
+9 1
+1 2
+1 1
+4 1
+1 1
+1 1
+1 1
+1 1
+2 2
+2 1
+1 1
+1 1
+2 2
+2 1
+5 1
+1 1
+17 1
cfi=(155) ./setjmp/./setjmp/sigjmp.c
cfn=(536) __sigjmp_save
calls=1 -56 
* 9

fl=(169)
fn=(588)
35 2
+1 8
+1 4
+6 2
+1 2

fl=(90)
fn=(310)
29 1
fi=(91)
+24 3
-1 2
+4 3
+14 2
+2 2
+8 2
+8 2
+2 5
fe=(90)

fl=(177) ./stdlib/./stdlib/cxa_finalize.c
fn=(630) __cxa_finalize
30 4
+3 4
-3 14
+3 8
+3 6
+4 12
-4 6
+58 8
+4 12
-4 6
+11 4
+1 4
cfi=(178) ./posix/./posix/register-atfork.c
cfn=(632) __unregister_atfork
calls=2 -30 
* 32
+1 8
+1 16

fl=(102)
fn=(340)
66 1
-25 4
+1 3
+2 2
+5 3
+3 3
+14 1

fl=(112)
fn=(362)
29 1
fi=(82)
+4 5
-1 2
+2 3
+2 2
+4 3
+3 4
fe=(112)
-14 1

fl=(124)
fn=(398)
33 1
fi=(91)
+20 3
-1 2
+4 3
+14 2
+2 2
+8 2
+8 2
+2 5
fe=(124)

fl=(137)
fn=(442)
38 2
+1 7
+1 1

fl=(113)
fn=(366)
31 1
fi=(82)
+2 5
-1 2
+2 3
+2 2
+4 3
+3 4
fe=(113)
-12 1

fl=(84)
fn=(296)
65 1
-24 2
+1 1
-1 2
+1 2
+2 2
+5 3
+3 3
+13 1

fl=(106)
fn=(348)
29 1
fi=(99)
+7 2
+1 1
-1 2
+1 2
+2 2
+4 3
+3 3
fe=(106)
-17 1

fl=(151)
fn=(510)
69 9
-28 2
+2 6
+1 2
cfn=(512) __new_exitfn
calls=1 +38 
* 32
+2 2
+10 1
+2 1
-5 3
+3 1
-1 1
+4 2
+1 1
-1 2
+12 6

fn=(512)
82 1
+6 2
-6 4
+11 4
-10 2
+12 4
-2 1
+10 1
-10 3
+45 1
+5 1
-4 1
+4 4
-18 1
-1 1
+1 1

fl=(158) ./string/../sysdeps/x86_64/multiarch/strlen-avx2.S
fn=(548) __strlen_avx2
50 1
+13 1
+1 1
+1 1
+3 1
+2 1
+1 1
+3 1
+1 1
+8 1
+1 1
+1 1
+5 2

fl=(164) ./malloc/./malloc/malloc.c
fn=(576) tcache_init.part.0
3235 3
+9 8
+1 3
cfn=(578) _int_malloc
calls=1 1343 
* 367
* 1
+1 2
+8 4
+7 2
+2 1
+1 2
-1 1
+1 86
+3 4

fn=(580) sysmalloc
2548 9
+20 4
+11 2
+1 3
+26 1
+1 3
+1 1
+9 4
+6 3
+3 3
2941 2
+1 1
+5 2
+3 2
+5 2
-2 1
+2 1
-1 1
+1 1
-3 1
+3 1
+1 1
-1 3
+1 1
+2 2
+6 11
2687 2
+9 4
+13 3
+8 5
+8 2
+39 2
+2 3
+6 2
+3 2
2896 1
-1 1
+1 3
+1 1
+11 2
fi=(165) ./malloc/./malloc/arena.c
565 1
fe=(164)
2727 1
cfi=(167) ./malloc/./malloc/morecore.c
cfn=(584) __glibc_morecore
calls=1 25 
* 57
+1 2
-1 1
+1 1
2028 1
2729 1
2028 1
2729 1
2028 2
2730 1
+3 2
+33 2
2610 2
2775 2
+40 3
+22 1
+1 1
-1 1
+1 6
+2 2
+1 3
cfi=(167)
cfn=(584)
calls=1 25 
* 28
+12 2
-12 1
+12 1
2028 4
2897 4
2765 2
-52 3

fn=(566) malloc
3287 66
+7 22
1343 20
+19 44
3306 44
+3 20
+10 33
+28 55
1362 11
3304 33
-63 4
cfn=(576)
calls=1 -6 
* 484
+68 2
+1 4
+1 33
+10 44
cfn=(578)
calls=11 1343 
* 1516
+1 55
fi=(165)
162 22
315 1
cfn=(570) ptmalloc_init.part.0
calls=1 -2 
* 1128
fe=(164)
1343 2

fn=(578)
1343 24
3771 12
1362 12
3771 96
1362 24
3904 11
+2 11
-2 11
+2 22
1362 24
3811 24
4397 24
3838 24
+63 24
+62 32
+1 3
4399 22
3903 11
4399 143
3983 11
+1 11
-1 22
-1 22
+2 22
-1 1
+1 1
-1 2
-1 2
+2 2
-2 33
+12 11
-6 11
+73 44
-67 34
-6 1
+73 4
-67 3
4413 108
4183 24
+2 3
+3 1
-3 1
+3 2
+68 24
+1 12
+1 12
-1 12
+1 12
+1 24
+1 36
+5 24
+4 36
+3 48
-3 36
+3 44
-3 22
+3 30
+97 12
+1 24
+2 24
+3 38
+17 3
3904 33
4380 11
-2 22
+2 11
-1 11
+6 11
-5 11
-3 11
+3 11
+2 11
-2 44
2005 11
4382 11
2005 22
4407 4
cfn=(580)
calls=1 2548 
* 239
* 1
+1 2
2005 3

fl=(167)
fn=(584)
25 2
+1 4
-1 2
+4 2
cfi=(168)
cfn=(586)
calls=2 +8 
* 67
+1 4
+4 4

fl=(79)
fn=(286)
86 1
fi=(80) ./string/../sysdeps/x86/cacheinfo.h
-25 1
+3 3
+2 1
+1 1
-1 2
+7 3
+2 1
+1 1
-1 2
+5 2
+2 2
+1 2
+1 2
+2 2
fe=(79)
* 2

fl=(148)
fn=(502)
83 1
+1 4
+1 3
+1 3
+2 1

fl=(107)
fn=(352)
31 1
fi=(191)
+1 5
fe=(107)
-1 1

fl=(157) ./libio/./libio/ioputs.c
fn=(544) puts
33 8
+2 1
cob=(2)
cfi=(50)
cfn=(546) 0x0000000004879490
calls=1 -35 
* 16
+1 1
-1 1
+1 12
+3 1
-3 1
+3 1
-3 1
+3 3
+1 1
fi=(170)
940 3
+2 2
+1 2
fe=(157)
40 3
cfi=(159)
cfn=(550) _IO_file_xsputn@@GLIBC_2.2.5
calls=1 1197 
* 2950
* 2
+1 4
+1 4
fi=(170)
883 2
+1 10
fe=(157)
46 7
-5 2
cfi=(160)
cfn=(596)
calls=1 199 
* 167
* 2

fl=(155)
fn=(536)
28 3
+2 2
-1 1
+5 3

fl=(159)
fn=(682)
381 3
+1 1
cfi=(160)
cfn=(684)
calls=1 +70 
* 69
* 2
+3 1
+4 2
-2 3
+3 2

fn=(558)
1146 1
+1 2
cfi=(162) ./io/../sysdeps/unix/sysv/linux/fstat64.c
cfn=(560) fstat
calls=1 29 
* 15

fn=(592) _IO_do_write@@GLIBC_2.2.5
423 2
+2 6
+1 1
-3 1
fi=(170)
940 1
fe=(159)
423 2
fi=(170)
940 1
fe=(159)
423 1
fi=(170)
940 2
fe=(159)
423 5
+20 1
-10 2
+7 4
fi=(170)
942 2
+1 2
fe=(159)
448 4
cfn=(600) _IO_file_write@@GLIBC_2.2.5
calls=1 1173 
* 46
* 1
+1 5
+2 1
+4 2
-3 2
-1 2
+4 2
-2 1
-28 4
+1 8
+28 2

fn=(552)
731 90
+1 72
+7 88
+37 17
-2 34
+3 34
+3 51
+1 51
+1 68
+4 17
+1 68
-45 2
+12 2
+9 3
+5 3
+2 2
-3 2
+3 1
+1 1
-6 1
+1 1
+5 4
+1 1
+2 2
+13 1
-12 1
+1 1
+11 2
-12 1
cfn=(592)
calls=1 423 
* 5
+9 2
-1 1
+1 1
-1 1
cfn=(592)
calls=1 423 
* 108
* 2
-39 2
cfi=(160)
cfn=(554)
calls=1 343 
* 1946
+1 1
+9 1
-9 5

fn=(600)
1173 7
+2 6
+5 1
cfi=(171)
cfn=(602)
calls=1 25 
* 9
+1 2
+5 1
+1 1
-12 2
+4 3
+1 2
+10 3
+3 6
-4 3

fn=(550)
1197 5
+7 1
-7 3
+6 4
+9 2
-2 4
+17 3
+40 9
-36 1
+12 1
fi=(170)
940 3
+2 2
+1 2
fe=(159)
1243 3
cfn=(552)
calls=1 731 
* 2003
* 2
+6 2
+1 7
+2 2
+11 3
+1 4
cfi=(160)
cfn=(594)
calls=1 371 
* 881
+2 3

fn=(686)
792 5
+5 4
+2 1
+1 2
+11 2
+4 4

fl=(103)
fn=(342)
31 1
fi=(191)
+1 5
fe=(103)
-1 1

fl=(175)
fn=(618)
77 1
+3 3
+2 1
+2 2
-7 2
+11 2
+79 1
+3 1
+2 1
+3 1
+2 1
+1 3
-81 2
+11 4
+4 1
+3 2
-71 1
+1 8
+1 1
+84 3
+1 2

fl=(163) ./io/../sysdeps/unix/sysv/linux/fstatat64.c
fn=(562) fstatat
153 2
-55 2
+70 3
+1 1

fl=(162)
fn=(560)
29 2
+1 2
+5 3
cfi=(163)
cfn=(562)
calls=1 153 
* 8

fl=(165)
fn=(570)
313 1
fi=(164)
3162 3
fe=(165)
313 5
+5 1
fi=(164)
3162 2
cfi=(166)
cfn=(572)
calls=1 28 
* 9
* 2
fe=(165)
343 2
+4 3
fi=(164)
1966 4
+3 1
-3 1
+3 2
-3 2
+3 126
-3 126
+3 252
-3 252
fe=(165)
352 3
fi=(164)
1977 1
+1 1
+2 1
fe=(165)
352 1
cob=(2)
cfi=(50)
cfn=(448)
calls=1 0 
* 23
+1 4
cob=(2)
cfi=(50)
cfn=(448)
calls=1 0 
* 22
+1 4
cob=(2)
cfi=(50)
cfn=(448)
calls=1 0 
* 23
+1 4
cob=(2)
cfi=(50)
cfn=(448)
calls=1 0 
* 23
+1 4
cob=(2)
cfi=(50)
cfn=(448)
calls=1 0 
* 22
+1 4
cob=(2)
cfi=(50)
cfn=(448)
calls=1 0 
* 23
+1 4
cob=(2)
cfi=(50)
cfn=(448)
calls=1 0 
* 23
+2 4
cob=(2)
cfi=(50)
cfn=(448)
calls=1 0 
* 23
+1 4
cob=(2)
cfi=(50)
cfn=(448)
calls=1 0 
* 23
+1 4
cob=(2)
cfi=(50)
cfn=(448)
calls=1 0 
* 23
+3 4
cob=(2)
cfi=(50)
cfn=(448)
calls=1 0 
* 23
+1 4
cob=(2)
cfi=(50)
cfn=(448)
calls=1 0 
* 23
+1 2
+63 7

fl=(85)
fn=(298)
29 1
fi=(86) ./wcsmbs/../sysdeps/x86_64/multiarch/ifunc-wcslen.h
+5 4
-1 2
+2 3
+2 2
+4 3
+3 3
fe=(85)
-15 1

fl=(97)
fn=(328)
30 1
fi=(93)
+3 5
-1 2
+2 3
+2 2
+4 3
+3 4
fe=(97)
-13 1

fl=(152)
fn=(530)
29 4
+15 1
-15 5
+15 1
cfi=(153) ./setjmp/../sysdeps/x86_64/bsd-_setjmp.S
cfn=(532) _setjmp
calls=1 -16 
* 34
* 1
+2 2
+5 2
+1 2
+3 2
+3 6
cob=(5)
cfi=(156) /home/user/Documents/test-valgrind/main.c
cfn=(538) main
calls=1 -43 
* 5232
* 1
+16 1
cfi=(172) ./stdlib/./stdlib/exit.c
cfn=(610) exit
calls=1 +68 
* 1366

fl=(172)
fn=(612) __run_exit_handlers
40 11
+5 2
+3 5
+50 1
-42 1
+2 3
+8 6
+2 1
+3 1
-3 1
+3 6
+34 1
+1 1
+1 1
-2 1
+7 1
-3 2
+3 3
+1 3
cob=(1)
cfi=(174)
cfn=(616)
calls=1 -82 
* 897
+1 4
+10 2
+1 2
-63 1
+69 4
+2 2
+1 6
cfi=(160)
cfn=(670)
calls=1 863 
* 365
* 3
+2 2
cfi=(181)
cfn=(688)
calls=1 27 
* 5
-90 1
cfi=(173) ./stdlib/./stdlib/cxa_thread_atexit_impl.c
cfn=(614) __call_tls_dtors
calls=1 149 
* 12
* 1

fn=(610)
142 3
+1 3
-1 1
+1 1
cfn=(612)
calls=1 40 
* 1358

fl=(178)
fn=(632)
76 4
+1 2
-1 2
+1 6
fi=(179) ./posix/../malloc/dynarray-skeleton.c
243 2
fe=(178)
65 4
+38 8
+1 4

fl=(126)
fn=(404)
31 1
fi=(122)
+4 5
-1 2
+2 3
+5 2
-3 2
+9 3
+3 4
fe=(126)
-19 1

fl=(136)
fn=(440)
29 1
+2 7
+2 4
+2 4
+1 1

fl=(116)
fn=(376)
29 1
fi=(82)
+4 5
-1 2
+2 3
+2 2
+4 3
+3 4
fe=(116)
-14 1

fl=(98)
fn=(332)
31 1
fi=(99)
+5 2
+1 1
-1 2
+1 2
+2 2
+4 3
+3 3
fe=(98)
-15 1

fl=(125)
fn=(402)
31 1
fi=(191)
+1 5
fe=(125)
-1 1

fl=(100)
fn=(336)
31 2
fi=(101) ./wcsmbs/../sysdeps/x86_64/multiarch/ifunc-evex.h
+4 10
-1 4
+2 6
+5 4
-3 4
+9 6
+3 8
fe=(100)
-19 2

fl=(89)
fn=(306)
29 1
fi=(86)
+5 4
-1 2
+2 3
+2 2
+4 3
+3 3
fe=(89)
-15 1

fl=(104)
fn=(344)
29 1
fi=(188)
+1 5
fe=(104)
-1 1

fl=(123)
fn=(396)
29 1
fi=(188)
+1 5
fe=(123)
-1 1

fl=(153)
fn=(532)
28 1
+2 1
+2 1
cfi=(154)
cfn=(534)
calls=1 -2 
* 31

fl=(173)
fn=(614)
149 4
+1 4
+18 4

ob=(5)
fl=(156)
fn=(538)
15 3
+1 2
cfn=(540) bar
calls=1 -8 
* 5224
+1 1
+1 2

fn=(540)
8 4
+1 3
cob=(2)
cfi=(50)
cfn=(542) 0x0000000000109060
calls=1 -9 
* 3209
+1 2
+1 20
cfn=(606) foo
calls=10 -7 
* 1950
-1 32
+3 4

fn=(606)
4 40
+1 20
cob=(2)
cfi=(50)
cfn=(608) 0x0000000000109070
calls=10 -5 
* 1850
* 10
+1 30

fl=(149)
fn=(638) 0x00000000000010b0
0 5

fn=(506)
0 12
cob=(3)
cfi=(150)
cfn=(508)
calls=1 242 
0 7657

fn=(518)
0 12

fn=(622)
0 9
cob=(2)
cfi=(50)
cfn=(628) 0x0000000000109050
calls=1 0 
0 74
0 1
cfn=(638)
calls=1 0 
0 5
0 3

ob=(2)
fl=(50)
fn=(564)
0 2
cob=(3)
cfi=(164)
cfn=(566)
calls=1 3287 
0 1813

fn=(644)
0 4

fn=(656)
0 2
cob=(3)
cfi=(177)
cfn=(630)
calls=1 30 
0 72

fn=(448)
0 38
cob=(1)
cfi=(10)
cfn=(24)
calls=19 402 
0 391
cob=(1)
cfi=(140)
cfn=(454)
calls=1 67 
0 813
0 5

fn=(498)
0 2
cob=(3)
cfi=(147)
cfn=(500)
calls=1 46 
0 28

fn=(514)
0 7

fn=(648)
0 3
cob=(4)
cfi=(144)
cfn=(650)
calls=1 0 
0 105
0 2

fn=(162)
0 6
cob=(1)
cfi=(51)
cfn=(164)
calls=3 175 
0 9379

fn=(542)
0 2
cob=(3)
cfi=(157)
cfn=(544)
calls=1 33 
0 3207

fn=(546)
0 2
cob=(3)
cfi=(158)
cfn=(548)
calls=1 50 
0 14

fn=(524)
0 2
cob=(1)
cfi=(48)
cfn=(528)
calls=1 117 
0 5
cob=(1)
cfi=(140)
cfn=(454)
calls=1 67 
0 824
0 5

fn=(628)
0 2
cob=(3)
cfi=(177)
cfn=(630)
calls=1 30 
0 72

fn=(476)
0 6
cob=(4)
cfi=(144)
cfn=(480)
calls=1 0 
0 12
0 1
cob=(4)
cfi=(144)
cfn=(488)
calls=1 0 
0 5
0 2

fn=(608)
0 20
cob=(3)
cfi=(164)
cfn=(566)
calls=10 3287 
0 1830

fn=(158)
0 2
cob=(1)
cfi=(51)
cfn=(160)
calls=1 225 
0 2782

totals: 154938
